[2021-02-18 12:19:16,610] INFO - Data to work with: {'addr_d': {'г. Санкт-Петербург, пр-т Большой Сампсониевский, 45': {'id': '0', 'name': 'BSam45-as1, BSam45-as3, BSam45-as2', 'all_emails': 'office@citybooking.ru, admin@west-l.ru, skurdai63@mail.ru, petrova@sq-spb.ru, borisova@ok-ref.ru, ofc@rikspb.ru, office@ok-ref.ru, info@west-l.ru, info@deviz.spb.ru, sq@sq-spb.ru, grom.alyans@mail.ru, eldar@redfox.ru, feo65@mail.ru, sysop@redfox.ru'}}, 'text_vars': {'subject': 'Уведомление о плановых работах на сети АО «Авантел»', 'time_date': '20.02.2021', 'time_start': '15:00', 'time_end': '15:30', 'time_span': '5'}}
[2021-02-18 12:19:16,611] INFO - Corrected subject: Уведомление о плановых работах на сети АО «Авантел»
[2021-02-18 12:19:16,615] INFO - Message compiled: 
Уважаемый клиент АО «Авантел»!
<br>
<br>Информируем Вас, что <b>20.02.2021</b> г.  в период с <b>15:00</b> до <b>15:30</b> (мск)
будут проведены планово-профилактические работы.
<br>
<br>Работы будут сопровождаться перерывом услуг связи продолжительностью до <b>5</b> минут в указанном интервале
предоставляемых по адресу: г. Санкт-Петербург, пр-т Большой Сампсониевский, 45
<br>
<br>По всем возникающим вопросам Вы можете обратиться в круглосуточную службу технической поддержки компании АО «Авантел» по тел: 8 (812) 4016003  или написать письмо на адрес support@spb.avantel.ru
<br>
<br><font color="#757575">-- 
<br>С уважением,
<br>инженер технической поддержки
<br>___________________________________
<br>АО «АВАНТЕЛ»
<br>Санкт-Петербург, Белоостровская ул., 6
<br>тел.: +7 812 401-60-00
<br>www.avantel.ru</font>
[2021-02-18 12:19:16,738] INFO - email sent to office@citybooking.ru
[2021-02-18 12:19:16,757] INFO - email sent to admin@west-l.ru
[2021-02-18 12:19:16,778] INFO - email sent to skurdai63@mail.ru
[2021-02-18 12:19:16,798] INFO - email sent to petrova@sq-spb.ru
[2021-02-18 12:19:16,815] INFO - email sent to borisova@ok-ref.ru
[2021-02-18 12:19:16,833] INFO - email sent to ofc@rikspb.ru
[2021-02-18 12:19:16,849] INFO - email sent to office@ok-ref.ru
[2021-02-18 12:19:16,867] INFO - email sent to info@west-l.ru
[2021-02-18 12:19:16,884] INFO - email sent to info@deviz.spb.ru
[2021-02-18 12:19:16,901] INFO - email sent to sq@sq-spb.ru
[2021-02-18 12:19:16,919] INFO - email sent to grom.alyans@mail.ru
[2021-02-18 12:19:16,937] INFO - email sent to eldar@redfox.ru
[2021-02-18 12:19:16,954] INFO - email sent to feo65@mail.ru
[2021-02-18 12:19:16,971] INFO - email sent to sysop@redfox.ru
[2021-02-18 17:53:50,668] INFO - {'10.60.240.39': {'name': 'Mosk177-as4', 'ip': '10.60.240.39', 'address': '', 'uplink': '', 'cont_num': '1', 'unrecognized': 'Holodilnik, Holodilnik, 0023-21_EDM-Logistik', 'alive': 1, 'contracts': {'': ''}}}
