[2021-02-20 13:59:23,601] INFO - Data to work with: {'addr_d': {'Санкт-Петербург, ул. Белоостровская д.6': {'id': '0', 'name': 'BB-switch-as1', 'all_emails': 'i.kotrelev@avantel.ru'}}, 'text_vars': {'subject': 'Уведомление о плановых работах на сети АО «Авантел»', 'time_date': '20.02.2021', 'time_start': '14:40', 'time_end': '14:45', 'time_span': '5'}}
[2021-02-20 13:59:23,602] INFO - Corrected subject: Уведомление о плановых работах на сети АО «Авантел»
[2021-02-20 13:59:23,609] INFO - Message compiled: 
Уважаемый клиент АО «Авантел»!
<br>
<br>Информируем Вас, что <b>20.02.2021</b> г.  в период с <b>14:40</b> до <b>14:45</b> (мск)
будут проведены планово-профилактические работы.
<br>
<br>Работы будут сопровождаться перерывом услуг связи продолжительностью до <b>5</b> минут в указанном интервале
предоставляемых по адресу: Санкт-Петербург, ул. Белоостровская д.6
<br>
<br>По всем возникающим вопросам Вы можете обратиться в круглосуточную службу технической поддержки компании АО «Авантел» по тел: 8 (812) 4016003  или написать письмо на адрес support@spb.avantel.ru
<br>
<br><font color="#757575">-- 
<br>С уважением,
<br>инженер технической поддержки
<br>___________________________________
<br>АО «АВАНТЕЛ»
<br>Санкт-Петербург, Белоостровская ул., 6
<br>тел.: +7 812 401-60-00
<br>www.avantel.ru</font>
[2021-02-20 13:59:23,639] INFO - email sent to i.kotrelev@avantel.ru
