[2021-03-17 12:56:48,669] INFO - Data to work with: {'addr_d': {'г. Санкт-Петербург, наб. канала Грибоедова, 5, оф. 307': {'id': '0', 'name': 'Griboedov5-as1', 'all_emails': 'larisa@capricorn.ru'}}, 'text_vars': {'subject': 'Уведомление о плановых работах на сети АО «Авантел»', 'time_date': '25.03.2021', 'time_start': '08:00', 'time_end': '09:00', 'time_span': '30'}}
[2021-03-17 12:56:48,671] INFO - Corrected subject: Уведомление о плановых работах на сети АО «Авантел»
[2021-03-17 12:56:48,678] INFO - Message compiled: 
Уважаемый клиент АО «Авантел»!
<br>
<br>Информируем Вас, что <b>25.03.2021</b> г.  в период с <b>08:00</b> до <b>09:00</b> (мск)
будут проведены планово-профилактические работы.
<br>
<br>Работы будут сопровождаться перерывом услуг связи продолжительностью до <b>30</b> минут в указанном интервале
предоставляемых по адресу: г. Санкт-Петербург, наб. канала Грибоедова, 5, оф. 307
<br>
<br>По всем возникающим вопросам Вы можете обратиться в круглосуточную службу технической поддержки компании АО «Авантел» по тел: 8 (812) 4016003  или написать письмо на адрес support@spb.avantel.ru
<br>
<br><font color="#757575">-- 
<br>С уважением,
<br>инженер технической поддержки
<br>___________________________________
<br>АО «АВАНТЕЛ»
<br>Санкт-Петербург, Белоостровская ул., 6
<br>тел.: +7 812 401-60-00
<br>www.avantel.ru</font>
[2021-03-17 12:57:11,958] ERROR - Проблема с SQL (Не считал данные)
[2021-03-17 12:57:24,906] INFO - {'10.60.240.130': {'name': 'Griboedov5-as1', 'ip': '10.60.240.130', 'address': '', 'uplink': '', 'cont_num': '1', 'unrecognized': 'UPLINK to Smart-Telecom', 'alive': 1, 'contracts': {'0258-16': 'larisa@capricorn.ru'}}}
[2021-03-17 12:57:55,757] INFO - GOT FORM {'mail_send': '10.60.240.130', '10.60.240.130_address_fld': 'г. Санкт-Петербург, наб. канала Грибоедова, 5', 'subject': 'Уведомление о плановых работах на сети АО «Авантел»', 'time_date': '2021-03-25', 'time_start_hr': '08', 'time_start_min': '00', 'time_end_hr': '09', 'time_end_min': '00', 'time_span': '30', 'client_notification_confirm_0SRqi4tk': 'Далее'}
[2021-03-17 12:57:55,758] INFO - CHECKED: ['10.60.240.130']
[2021-03-17 12:57:55,765] INFO - г. Санкт-Петербург, наб. канала Грибоедова, 5, оф. 307 will be changed to г. Санкт-Петербург, наб. канала Грибоедова, 5
[2021-03-17 12:57:55,837] INFO - Griboedov5-as1: zabbix address updated: г. Санкт-Петербург, наб. канала Грибоедова, 5
[2021-03-17 12:57:55,842] INFO - UPD REQ: update web_utils_session set storage = '{"addr_d": {"г. Санкт-Петербург, наб. канала Грибоедова, 5": {"id": "0", "name": "Griboedov5-as1", "all_emails": "larisa@capricorn.ru"}}, "text_vars": {"subject": "Уведомление о плановых работах на сети АО «Авантел»", "time_date": "25.03.2021", "time_start": "08:00", "time_end": "09:00", "time_span": "30"}}' where sid = '0SRqi4tk';
[2021-03-17 12:57:55,866] INFO - ADDR DICT {'г. Санкт-Петербург, наб. канала Грибоедова, 5': {'id': '0', 'name': 'Griboedov5-as1', 'all_emails': 'larisa@capricorn.ru'}}
[2021-03-17 12:58:01,325] INFO - Data to work with: {'addr_d': {'г. Санкт-Петербург, наб. канала Грибоедова, 5': {'id': '0', 'name': 'Griboedov5-as1', 'all_emails': 'larisa@capricorn.ru'}}, 'text_vars': {'subject': 'Уведомление о плановых работах на сети АО «Авантел»', 'time_date': '25.03.2021', 'time_start': '08:00', 'time_end': '09:00', 'time_span': '30'}}
[2021-03-17 12:58:01,326] INFO - Corrected subject: Уведомление о плановых работах на сети АО «Авантел»
[2021-03-17 12:58:01,327] INFO - Message compiled: 
Уважаемый клиент АО «Авантел»!
<br>
<br>Информируем Вас, что <b>25.03.2021</b> г.  в период с <b>08:00</b> до <b>09:00</b> (мск)
будут проведены планово-профилактические работы.
<br>
<br>Работы будут сопровождаться перерывом услуг связи продолжительностью до <b>30</b> минут в указанном интервале
предоставляемых по адресу: г. Санкт-Петербург, наб. канала Грибоедова, 5
<br>
<br>По всем возникающим вопросам Вы можете обратиться в круглосуточную службу технической поддержки компании АО «Авантел» по тел: 8 (812) 4016003  или написать письмо на адрес support@spb.avantel.ru
<br>
<br><font color="#757575">-- 
<br>С уважением,
<br>инженер технической поддержки
<br>___________________________________
<br>АО «АВАНТЕЛ»
<br>Санкт-Петербург, Белоостровская ул., 6
<br>тел.: +7 812 401-60-00
<br>www.avantel.ru</font>
