[2021-03-17 12:58:01,325] INFO - Data to work with: {'addr_d': {'г. Санкт-Петербург, наб. канала Грибоедова, 5': {'id': '0', 'name': 'Griboedov5-as1', 'all_emails': 'larisa@capricorn.ru'}}, 'text_vars': {'subject': 'Уведомление о плановых работах на сети АО «Авантел»', 'time_date': '25.03.2021', 'time_start': '08:00', 'time_end': '09:00', 'time_span': '30'}}
[2021-03-17 12:58:01,326] INFO - Corrected subject: Уведомление о плановых работах на сети АО «Авантел»
[2021-03-17 12:58:01,327] INFO - Message compiled: 
Уважаемый клиент АО «Авантел»!
<br>
<br>Информируем Вас, что <b>25.03.2021</b> г.  в период с <b>08:00</b> до <b>09:00</b> (мск)
будут проведены планово-профилактические работы.
<br>
<br>Работы будут сопровождаться перерывом услуг связи продолжительностью до <b>30</b> минут в указанном интервале
предоставляемых по адресу: г. Санкт-Петербург, наб. канала Грибоедова, 5
<br>
<br>По всем возникающим вопросам Вы можете обратиться в круглосуточную службу технической поддержки компании АО «Авантел» по тел: 8 (812) 4016003  или написать письмо на адрес support@spb.avantel.ru
<br>
<br><font color="#757575">-- 
<br>С уважением,
<br>инженер технической поддержки
<br>___________________________________
<br>АО «АВАНТЕЛ»
<br>Санкт-Петербург, Белоостровская ул., 6
<br>тел.: +7 812 401-60-00
<br>www.avantel.ru</font>
