[2021-03-15 14:47:49,298] INFO - Data to work with: {'addr_d': {' п. Металлострой, ул. дорога на Металлострой, 5': {'id': '0', 'name': 'Metallostroy5-as1', 'all_emails': 'oksana@toun.spb.ru, potapov@toun.spb.ru, dvlspb@mail.ru'}}, 'text_vars': {'subject': 'Уведомление о плановых работах на сети АО «Авантел»', 'time_date': '15.03.2021', 'time_start': '00:00', 'time_end': '00:05', 'time_span': '5'}}
[2021-03-15 14:47:49,300] INFO - Corrected subject: Уведомление о плановых работах на сети АО «Авантел»
[2021-03-15 14:47:49,312] INFO - Message compiled: 
Уважаемый клиент АО «Авантел»!
<br>
<br>Информируем Вас, что <b>15.03.2021</b> г.  в период с <b>00:00</b> до <b>00:05</b> (мск)
будут проведены планово-профилактические работы.
<br>
<br>Работы будут сопровождаться перерывом услуг связи продолжительностью до <b>5</b> минут в указанном интервале
предоставляемых по адресу:  п. Металлострой, ул. дорога на Металлострой, 5
<br>
<br>По всем возникающим вопросам Вы можете обратиться в круглосуточную службу технической поддержки компании АО «Авантел» по тел: 8 (812) 4016003  или написать письмо на адрес support@spb.avantel.ru
<br>
<br><font color="#757575">-- 
<br>С уважением,
<br>инженер технической поддержки
<br>___________________________________
<br>АО «АВАНТЕЛ»
<br>Санкт-Петербург, Белоостровская ул., 6
<br>тел.: +7 812 401-60-00
<br>www.avantel.ru</font>
[2021-03-15 14:47:49,373] INFO - email sent to oksana@toun.spb.ru
[2021-03-15 14:47:49,392] INFO - email sent to potapov@toun.spb.ru
[2021-03-15 14:47:49,415] INFO - email sent to dvlspb@mail.ru
