[2021-03-17 19:19:09,252] INFO - Data to work with: {'addr_d': {'г. Санкт-Петербург, пр-т Коломяжский, 24': {'id': '0', 'name': 'kolomyag24-as1', 'all_emails': 'n.karaenkina@mail.ru, bv@c-mit.ru, opening_01@mail.ru'}}, 'text_vars': {'subject': 'Уведомление о плановых работах на сети АО «Авантел»', 'time_date': '19.03.2021', 'time_start': '00:30', 'time_end': '06:00', 'time_span': '240'}}
[2021-03-17 19:19:09,253] INFO - Corrected subject: Уведомление о плановых работах на сети АО «Авантел»
[2021-03-17 19:19:09,262] INFO - Message compiled: 
Уважаемый клиент АО «Авантел»!
<br>
<br>Информируем Вас, что <b>19.03.2021</b> г.  в период с <b>00:30</b> до <b>06:00</b> (мск)
будут проведены планово-профилактические работы.
<br>
<br>Работы будут сопровождаться перерывом услуг связи продолжительностью до <b>240</b> минут в указанном интервале
предоставляемых по адресу: г. Санкт-Петербург, пр-т Коломяжский, 24
<br>
<br>По всем возникающим вопросам Вы можете обратиться в круглосуточную службу технической поддержки компании АО «Авантел» по тел: 8 (812) 4016003  или написать письмо на адрес support@spb.avantel.ru
<br>
<br><font color="#757575">-- 
<br>С уважением,
<br>инженер технической поддержки
<br>___________________________________
<br>АО «АВАНТЕЛ»
<br>Санкт-Петербург, Белоостровская ул., 6
<br>тел.: +7 812 401-60-00
<br>www.avantel.ru</font>
[2021-03-17 19:19:09,525] INFO - email sent to n.karaenkina@mail.ru
[2021-03-17 19:19:09,548] INFO - email sent to bv@c-mit.ru
[2021-03-17 19:19:09,566] INFO - email sent to opening_01@mail.ru
[2021-03-17 19:19:09,592] INFO - email sent to support@spb.avantel.ru
