[2021-03-18 15:39:18,725] INFO - Data to work with: {'addr_d': {'г. Санкт-Петербург, ул. 9-я Советская, 4': {'id': '0', 'name': '9Sovet4-as1, 9sovet4-as2, 9sovet4-as3', 'all_emails': ', or@mkksv.com, denisov_ea@etm.ru, online.school@grasser.ru, dl@d-l.su, 005040@gmail.com, school@grasser.ru, zawolgsky@yandex.ru, ngau-nya@yandex.ru, kaverzinkonstantin@gmail.com, e.ushakova@avantel.ru, info@antspb.ru, kaa@mkksv.com, tgr@mkksv.com, amihaylov@nsk.etm.ru, smirnova_la@etm.ru, 1@divm.su, 1@dvm.su, a.kolesnikov@avantel.ru, gamgina-en@etm.ru, anatolevna0896@mail.ru, karina151988@list.ru, works@spb.avantel.ru, maxim.loboff@gmail.com, office18-5@yandex.ru, bal.xc70@gmail.com, etrufanov@etm.ru, ggradstroy@inbox.ru, edenisov@spb.etm.ru, v.valt@avantel.ru, nmakusheva@etm.ru, alv-sokolov@yandex.ru, shaa@nt-10.ru, office17-5@yandex.ru, support@spb.avantel.ru, ka_shark@mail.ru, edenisov@etm.ru, office@transitmarine.ru, rubl444@yandex.ru, buh@napr.biz, sgvbt@etm.ru, kovaleva_jv@etm.ru'}, 'г. Санкт-Петербург, пр-т Суворовский, 65Б': {'id': '1', 'name': 'Suvorov65-as1', 'all_emails': 'kizer@eurotuning-spb.ru, andrey@eurotuning-spb.ru'}, 'г. Санкт-Петербург, ул. Госпитальная, 4': {'id': '1', 'name': 'Gospital4-as1', 'all_emails': 'imperija-hotel@yandex.ru, artbazahotel@gmail.com'}, 'г. Санкт-Петербург, пр. Литейный 6': {'id': '1', 'name': 'Liteyniy6-as1', 'all_emails': ''}, 'г. Санкт-Петербург, ул. Таврическая, 17': {'id': '1', 'name': 'Tavri17-as1', 'all_emails': 'saskesobaka@mail.ru, presentbook@mail.ru, www.saskesobaka@mail.ru'}, 'г. Санкт-Петербург, ул. Некрасова, 11': {'id': '1', 'name': 'Nekrasov11-as1', 'all_emails': 'a6958017@mail.ru, z@ukfin.info, bait-rss@yandex.ru, 7440028@mail.ru, zakupki@1-sklad.ru, priam.priam-spb@yandex.ru, venecia8@yandex.ru'}, 'г. Санкт-Петербург, ул. Восстания, 11': {'id': '1', 'name': 'Vosstan11-as1', 'all_emails': 'vosstaniya11@gmail.com, buh3@vashpiter.ru'}}, 'text_vars': {'subject': 'Уведомление о плановых работах на сети АО «Авантел»', 'time_date': '23.03.2021', 'time_start': '00:00', 'time_end': '06:00', 'time_span': '360'}}
[2021-03-18 15:39:18,725] INFO - Corrected subject: Уведомление о плановых работах на сети АО «Авантел»
[2021-03-18 15:39:18,727] INFO - Message compiled: 
Уважаемый клиент АО «Авантел»!
<br>
<br>Информируем Вас, что <b>23.03.2021</b> г.  в период с <b>00:00</b> до <b>06:00</b> (мск)
будут проведены планово-профилактические работы.
<br>
<br>Работы будут сопровождаться перерывом услуг связи продолжительностью до <b>360</b> минут в указанном интервале
предоставляемых по адресу: г. Санкт-Петербург, ул. 9-я Советская, 4
<br>
<br>По всем возникающим вопросам Вы можете обратиться в круглосуточную службу технической поддержки компании АО «Авантел» по тел: 8 (812) 4016003  или написать письмо на адрес support@spb.avantel.ru
<br>
<br><font color="#757575">-- 
<br>С уважением,
<br>инженер технической поддержки
<br>___________________________________
<br>АО «АВАНТЕЛ»
<br>Санкт-Петербург, Белоостровская ул., 6
<br>тел.: +7 812 401-60-00
<br>www.avantel.ru</font>
[2021-03-18 15:39:18,737] ERROR - Ошибка в функции send_email {'': (501, b'5.1.3 Bad recipient address syntax')}
[2021-03-18 15:39:18,750] INFO - email sent to or@mkksv.com
[2021-03-18 15:39:18,774] INFO - email sent to denisov_ea@etm.ru
[2021-03-18 15:39:18,787] INFO - email sent to online.school@grasser.ru
[2021-03-18 15:39:18,805] INFO - email sent to dl@d-l.su
[2021-03-18 15:39:18,816] INFO - email sent to 005040@gmail.com
[2021-03-18 15:39:18,825] INFO - email sent to school@grasser.ru
[2021-03-18 15:39:18,836] INFO - email sent to zawolgsky@yandex.ru
[2021-03-18 15:39:18,846] INFO - email sent to ngau-nya@yandex.ru
[2021-03-18 15:39:18,861] INFO - email sent to kaverzinkonstantin@gmail.com
[2021-03-18 15:39:18,908] INFO - email sent to e.ushakova@avantel.ru
[2021-03-18 15:39:18,921] INFO - email sent to info@antspb.ru
[2021-03-18 15:39:18,931] INFO - email sent to kaa@mkksv.com
[2021-03-18 15:39:18,942] INFO - email sent to tgr@mkksv.com
[2021-03-18 15:39:18,956] INFO - email sent to amihaylov@nsk.etm.ru
[2021-03-18 15:39:18,967] INFO - email sent to smirnova_la@etm.ru
[2021-03-18 15:39:18,982] INFO - email sent to 1@divm.su
[2021-03-18 15:39:18,996] INFO - email sent to 1@dvm.su
[2021-03-18 15:39:19,042] INFO - email sent to a.kolesnikov@avantel.ru
[2021-03-18 15:39:19,059] INFO - email sent to gamgina-en@etm.ru
[2021-03-18 15:39:19,072] INFO - email sent to anatolevna0896@mail.ru
[2021-03-18 15:39:19,083] INFO - email sent to karina151988@list.ru
[2021-03-18 15:39:19,100] INFO - email sent to works@spb.avantel.ru
[2021-03-18 15:39:19,110] INFO - email sent to maxim.loboff@gmail.com
[2021-03-18 15:39:19,121] INFO - email sent to office18-5@yandex.ru
[2021-03-18 15:39:19,132] INFO - email sent to bal.xc70@gmail.com
[2021-03-18 15:39:19,155] INFO - email sent to etrufanov@etm.ru
[2021-03-18 15:39:19,171] INFO - email sent to ggradstroy@inbox.ru
[2021-03-18 15:39:19,191] INFO - email sent to edenisov@spb.etm.ru
[2021-03-18 15:39:19,201] INFO - email sent to v.valt@avantel.ru
[2021-03-18 15:39:19,218] INFO - email sent to nmakusheva@etm.ru
[2021-03-18 15:39:19,228] INFO - email sent to alv-sokolov@yandex.ru
[2021-03-18 15:39:19,240] INFO - email sent to shaa@nt-10.ru
[2021-03-18 15:39:19,255] INFO - email sent to office17-5@yandex.ru
[2021-03-18 15:39:19,267] INFO - email sent to support@spb.avantel.ru
[2021-03-18 15:39:19,278] INFO - email sent to ka_shark@mail.ru
[2021-03-18 15:39:19,288] INFO - email sent to edenisov@etm.ru
[2021-03-18 15:39:19,299] INFO - email sent to office@transitmarine.ru
[2021-03-18 15:39:19,352] INFO - email sent to rubl444@yandex.ru
[2021-03-18 15:39:19,370] INFO - email sent to buh@napr.biz
[2021-03-18 15:39:19,384] INFO - email sent to sgvbt@etm.ru
[2021-03-18 15:39:19,395] INFO - email sent to kovaleva_jv@etm.ru
[2021-03-18 15:39:19,406] INFO - email sent to support@spb.avantel.ru
[2021-03-18 15:39:19,506] INFO - Message compiled: 
Уважаемый клиент АО «Авантел»!
<br>
<br>Информируем Вас, что <b>23.03.2021</b> г.  в период с <b>00:00</b> до <b>06:00</b> (мск)
будут проведены планово-профилактические работы.
<br>
<br>Работы будут сопровождаться перерывом услуг связи продолжительностью до <b>360</b> минут в указанном интервале
предоставляемых по адресу: г. Санкт-Петербург, пр-т Суворовский, 65Б
<br>
<br>По всем возникающим вопросам Вы можете обратиться в круглосуточную службу технической поддержки компании АО «Авантел» по тел: 8 (812) 4016003  или написать письмо на адрес support@spb.avantel.ru
<br>
<br><font color="#757575">-- 
<br>С уважением,
<br>инженер технической поддержки
<br>___________________________________
<br>АО «АВАНТЕЛ»
<br>Санкт-Петербург, Белоостровская ул., 6
<br>тел.: +7 812 401-60-00
<br>www.avantel.ru</font>
[2021-03-18 15:39:19,566] INFO - email sent to kizer@eurotuning-spb.ru
[2021-03-18 15:39:19,618] INFO - email sent to andrey@eurotuning-spb.ru
[2021-03-18 15:39:19,926] INFO - email sent to support@spb.avantel.ru
[2021-03-18 15:39:19,956] INFO - Message compiled: 
Уважаемый клиент АО «Авантел»!
<br>
<br>Информируем Вас, что <b>23.03.2021</b> г.  в период с <b>00:00</b> до <b>06:00</b> (мск)
будут проведены планово-профилактические работы.
<br>
<br>Работы будут сопровождаться перерывом услуг связи продолжительностью до <b>360</b> минут в указанном интервале
предоставляемых по адресу: г. Санкт-Петербург, ул. Госпитальная, 4
<br>
<br>По всем возникающим вопросам Вы можете обратиться в круглосуточную службу технической поддержки компании АО «Авантел» по тел: 8 (812) 4016003  или написать письмо на адрес support@spb.avantel.ru
<br>
<br><font color="#757575">-- 
<br>С уважением,
<br>инженер технической поддержки
<br>___________________________________
<br>АО «АВАНТЕЛ»
<br>Санкт-Петербург, Белоостровская ул., 6
<br>тел.: +7 812 401-60-00
<br>www.avantel.ru</font>
[2021-03-18 15:39:20,003] INFO - email sent to imperija-hotel@yandex.ru
[2021-03-18 15:39:20,028] INFO - email sent to artbazahotel@gmail.com
[2021-03-18 15:39:20,065] INFO - email sent to support@spb.avantel.ru
[2021-03-18 15:39:20,416] INFO - Message compiled: 
Уважаемый клиент АО «Авантел»!
<br>
<br>Информируем Вас, что <b>23.03.2021</b> г.  в период с <b>00:00</b> до <b>06:00</b> (мск)
будут проведены планово-профилактические работы.
<br>
<br>Работы будут сопровождаться перерывом услуг связи продолжительностью до <b>360</b> минут в указанном интервале
предоставляемых по адресу: г. Санкт-Петербург, пр. Литейный 6
<br>
<br>По всем возникающим вопросам Вы можете обратиться в круглосуточную службу технической поддержки компании АО «Авантел» по тел: 8 (812) 4016003  или написать письмо на адрес support@spb.avantel.ru
<br>
<br><font color="#757575">-- 
<br>С уважением,
<br>инженер технической поддержки
<br>___________________________________
<br>АО «АВАНТЕЛ»
<br>Санкт-Петербург, Белоостровская ул., 6
<br>тел.: +7 812 401-60-00
<br>www.avantel.ru</font>
[2021-03-18 15:39:20,427] ERROR - Ошибка в функции send_email {'': (501, b'5.1.3 Bad recipient address syntax')}
[2021-03-18 15:39:20,464] INFO - email sent to support@spb.avantel.ru
[2021-03-18 15:39:20,494] INFO - Message compiled: 
Уважаемый клиент АО «Авантел»!
<br>
<br>Информируем Вас, что <b>23.03.2021</b> г.  в период с <b>00:00</b> до <b>06:00</b> (мск)
будут проведены планово-профилактические работы.
<br>
<br>Работы будут сопровождаться перерывом услуг связи продолжительностью до <b>360</b> минут в указанном интервале
предоставляемых по адресу: г. Санкт-Петербург, ул. Таврическая, 17
<br>
<br>По всем возникающим вопросам Вы можете обратиться в круглосуточную службу технической поддержки компании АО «Авантел» по тел: 8 (812) 4016003  или написать письмо на адрес support@spb.avantel.ru
<br>
<br><font color="#757575">-- 
<br>С уважением,
<br>инженер технической поддержки
<br>___________________________________
<br>АО «АВАНТЕЛ»
<br>Санкт-Петербург, Белоостровская ул., 6
<br>тел.: +7 812 401-60-00
<br>www.avantel.ru</font>
[2021-03-18 15:39:20,694] INFO - email sent to saskesobaka@mail.ru
[2021-03-18 15:39:20,797] INFO - email sent to presentbook@mail.ru
[2021-03-18 15:39:20,830] INFO - email sent to www.saskesobaka@mail.ru
[2021-03-18 15:39:20,884] INFO - email sent to support@spb.avantel.ru
[2021-03-18 15:39:21,226] INFO - Message compiled: 
Уважаемый клиент АО «Авантел»!
<br>
<br>Информируем Вас, что <b>23.03.2021</b> г.  в период с <b>00:00</b> до <b>06:00</b> (мск)
будут проведены планово-профилактические работы.
<br>
<br>Работы будут сопровождаться перерывом услуг связи продолжительностью до <b>360</b> минут в указанном интервале
предоставляемых по адресу: г. Санкт-Петербург, ул. Некрасова, 11
<br>
<br>По всем возникающим вопросам Вы можете обратиться в круглосуточную службу технической поддержки компании АО «Авантел» по тел: 8 (812) 4016003  или написать письмо на адрес support@spb.avantel.ru
<br>
<br><font color="#757575">-- 
<br>С уважением,
<br>инженер технической поддержки
<br>___________________________________
<br>АО «АВАНТЕЛ»
<br>Санкт-Петербург, Белоостровская ул., 6
<br>тел.: +7 812 401-60-00
<br>www.avantel.ru</font>
[2021-03-18 15:39:21,253] INFO - email sent to a6958017@mail.ru
[2021-03-18 15:39:21,272] INFO - email sent to z@ukfin.info
[2021-03-18 15:39:21,293] INFO - email sent to bait-rss@yandex.ru
[2021-03-18 15:39:21,310] INFO - email sent to 7440028@mail.ru
[2021-03-18 15:39:21,330] INFO - email sent to zakupki@1-sklad.ru
[2021-03-18 15:39:21,347] INFO - email sent to priam.priam-spb@yandex.ru
[2021-03-18 15:39:21,366] INFO - email sent to venecia8@yandex.ru
[2021-03-18 15:39:21,385] INFO - email sent to support@spb.avantel.ru
[2021-03-18 15:39:21,410] INFO - Message compiled: 
Уважаемый клиент АО «Авантел»!
<br>
<br>Информируем Вас, что <b>23.03.2021</b> г.  в период с <b>00:00</b> до <b>06:00</b> (мск)
будут проведены планово-профилактические работы.
<br>
<br>Работы будут сопровождаться перерывом услуг связи продолжительностью до <b>360</b> минут в указанном интервале
предоставляемых по адресу: г. Санкт-Петербург, ул. Восстания, 11
<br>
<br>По всем возникающим вопросам Вы можете обратиться в круглосуточную службу технической поддержки компании АО «Авантел» по тел: 8 (812) 4016003  или написать письмо на адрес support@spb.avantel.ru
<br>
<br><font color="#757575">-- 
<br>С уважением,
<br>инженер технической поддержки
<br>___________________________________
<br>АО «АВАНТЕЛ»
<br>Санкт-Петербург, Белоостровская ул., 6
<br>тел.: +7 812 401-60-00
<br>www.avantel.ru</font>
[2021-03-18 15:39:21,421] INFO - email sent to vosstaniya11@gmail.com
[2021-03-18 15:39:21,434] INFO - email sent to buh3@vashpiter.ru
[2021-03-18 15:39:21,447] INFO - email sent to support@spb.avantel.ru
[2021-03-18 15:42:25,163] INFO - {'10.60.236.37': {'name': '9Sovet4-as1', 'ip': '10.60.236.37', 'address': '', 'uplink': '', 'cont_num': '1', 'unrecognized': '', 'alive': 1, 'contracts': {'': ''}}, '10.60.236.44': {'name': 'Suvorov65-as1', 'ip': '10.60.236.44', 'address': '', 'uplink': '9Sovet4-as1', 'cont_num': '1', 'unrecognized': '', 'alive': 1, 'contracts': {'0098-20': 'kizer@eurotuning-spb.ru, andrey@eurotuning-spb.ru'}}, '10.60.236.40': {'name': 'Gospital4-as1', 'ip': '10.60.236.40', 'address': '', 'uplink': '9Sovet4-as1', 'cont_num': '2', 'unrecognized': 'UniFi_Belyakov_1fl_blizh, UniFi_Belyakov_1fl_daln, UniFi_Belyakov_2fl_recep', 'alive': 1, 'contracts': {'0081-20': 'imperija-hotel@yandex.ru, artbazahotel@gmail.com', '0011-20': 'imperija-hotel@yandex.ru, artbazahotel@gmail.com'}}, '10.60.236.35': {'name': 'Liteyniy6-as1', 'ip': '10.60.236.35', 'address': '', 'uplink': '9Sovet4-as1', 'cont_num': '1', 'unrecognized': 'GUVD-#801406, FSO', 'alive': 1, 'contracts': {'': ''}}, '10.60.236.45': {'name': 'Tavri17-as1', 'ip': '10.60.236.45', 'address': '', 'uplink': '9Sovet4-as1', 'cont_num': '2', 'unrecognized': '', 'alive': 1, 'contracts': {'0335-20': 'presentbook@mail.ru', '0029-21': 'saskesobaka@mail.ru, www.saskesobaka@mail.ru'}}, '10.60.236.39': {'name': '9sovet4-as2', 'ip': '10.60.236.39', 'address': '', 'uplink': '9Sovet4-as1', 'cont_num': '10', 'unrecognized': 'OFF(00227), OFF(00499), OFF(0015-16), OFF(0114-16), VoIP SPA8000 (10.60.75.4)', 'alive': 1, 'contracts': {'00257': 'alv-sokolov@yandex.ru', '0236-20': 'karina151988@list.ru, ggradstroy@inbox.ru', '0112-19': 'anatolevna0896@mail.ru, ngau-nya@yandex.ru, rubl444@yandex.ru', '0221-19': 'buh@napr.biz, bal.xc70@gmail.com', '0223-19': 'office17-5@yandex.ru, zawolgsky@yandex.ru, office18-5@yandex.ru', '00668': 'kaa@mkksv.com, or@mkksv.com, shaa@nt-10.ru, tgr@mkksv.com', '00143': '005040@gmail.com', '0127-18': 'nmakusheva@etm.ru, works@spb.avantel.ru, denisov_ea@etm.ru, amihaylov@nsk.etm.ru, v.valt@avantel.ru, support@spb.avantel.ru, edenisov@etm.ru, smirnova_la@etm.ru, etrufanov@etm.ru, a.kolesnikov@avantel.ru, edenisov@spb.etm.ru, sgvbt@etm.ru, e.ushakova@avantel.ru, kovaleva_jv@etm.ru, gamgina-en@etm.ru', '0403-20': 'office@transitmarine.ru', '0168-20': 'kaverzinkonstantin@gmail.com'}}, '10.60.236.41': {'name': '9sovet4-as3', 'ip': '10.60.236.41', 'address': '', 'uplink': '9Sovet4-as1', 'cont_num': '4', 'unrecognized': '', 'alive': 1, 'contracts': {'0114-17': '1@divm.su, 1@dvm.su, dl@d-l.su', '0127-19': 'school@grasser.ru, online.school@grasser.ru', '0099-21': 'ka_shark@mail.ru', '00227': 'maxim.loboff@gmail.com, info@antspb.ru'}}, '10.60.236.36': {'name': 'Nekrasov11-as1', 'ip': '10.60.236.36', 'address': '', 'uplink': 'Liteyniy6-as1', 'cont_num': '4', 'unrecognized': 'OFF(Nekrasova11-as2), .', 'alive': 1, 'contracts': {'0242-19': 'z@ukfin.info, venecia8@yandex.ru', '0102-19': 'bait-rss@yandex.ru, z@ukfin.info, 7440028@mail.ru', '0052-21': 'a6958017@mail.ru, zakupki@1-sklad.ru', '00306': 'priam.priam-spb@yandex.ru'}}, '10.60.236.38': {'name': 'Vosstan11-as1', 'ip': '10.60.236.38', 'address': '', 'uplink': 'Liteyniy6-as1', 'cont_num': '1', 'unrecognized': 'WIFI-Druzya, WIFI-Druzya, WIFI-Druzya, WIFI-Druzya, WIFI-Druzya, DOWN_Nevsk112-as1', 'alive': 1, 'contracts': {'00256': 'vosstaniya11@gmail.com, buh3@vashpiter.ru'}}}
