[2021-04-05 23:34:49,370] INFO - Data to work with: {'addr_d': {'г. Санкт-Петербург, наб. Выборгская, 61': {'id': '0', 'name': 'Vyborg-nab61-as4', 'all_emails': 'alexey.luzhnov@dialet.ru, alexsey.luzhnov@mail.ru, info@dialet.ru, office@cpteam.ru, alexey.luzhnov@mail.ru, irina.palkina@dialet.ru, support@it-ontime.ru, yana.generalova@dialet.ru, shulepovk@gmail.com, elvira.tkachenko@dialet.ru, antonov.d.hc@gmail.com'}}, 'text_vars': {'subject': 'Уведомление о плановых работах на сети АО «Авантел»', 'time_date': '07.04.2021', 'time_start': '11:00', 'time_end': '11:30', 'time_span': '5'}}
[2021-04-05 23:34:49,371] INFO - Corrected subject: Уведомление о плановых работах на сети АО «Авантел»
[2021-04-05 23:34:49,374] INFO - Message compiled: 
Уважаемый клиент АО «Авантел»!
<br>
<br>Информируем Вас, что <b>07.04.2021</b> г.  в период с <b>11:00</b> до <b>11:30</b> (мск)
будут проведены планово-профилактические работы.
<br>
<br>Работы будут сопровождаться перерывом услуг связи продолжительностью до <b>5</b> минут в указанном интервале
предоставляемых по адресу: г. Санкт-Петербург, наб. Выборгская, 61
<br>
<br>По всем возникающим вопросам Вы можете обратиться в круглосуточную службу технической поддержки компании АО «Авантел» по тел: 8 (812) 4016003  или написать письмо на адрес support@spb.avantel.ru
<br>
<br><font color="#757575">-- 
<br>С уважением,
<br>инженер технической поддержки
<br>___________________________________
<br>АО «АВАНТЕЛ»
<br>Санкт-Петербург, Белоостровская ул., 6
<br>тел.: +7 812 401-60-00
<br>www.avantel.ru</font>
[2021-04-05 23:34:49,525] INFO - email sent to alexey.luzhnov@dialet.ru
[2021-04-05 23:34:49,547] INFO - email sent to alexsey.luzhnov@mail.ru
[2021-04-05 23:34:49,567] INFO - email sent to info@dialet.ru
[2021-04-05 23:34:49,588] INFO - email sent to office@cpteam.ru
[2021-04-05 23:34:49,608] INFO - email sent to alexey.luzhnov@mail.ru
[2021-04-05 23:34:49,630] INFO - email sent to irina.palkina@dialet.ru
[2021-04-05 23:34:49,651] INFO - email sent to support@it-ontime.ru
[2021-04-05 23:34:49,678] INFO - email sent to yana.generalova@dialet.ru
[2021-04-05 23:34:49,708] INFO - email sent to shulepovk@gmail.com
[2021-04-05 23:34:49,725] INFO - email sent to elvira.tkachenko@dialet.ru
[2021-04-05 23:34:49,750] INFO - email sent to antonov.d.hc@gmail.com
[2021-04-05 23:34:49,773] INFO - email sent to support@spb.avantel.ru
