[2021-04-07 11:10:36,672] INFO - Data to work with: {'addr_d': {'г. Санкт-Петербург, пр-т Клинский, 23': {'id': '0', 'name': 'klin23-cr1, Klin23-as1', 'all_emails': ', anton@domino-host.ru, malyshev.a@conhp.com, 9750518@rambler.ru, stk-standart@bk.ru, spb@conhp.com'}, 'г. Санкт-Петербург, пр-т Смоленский, 21Б': {'id': '1', 'name': 'Smolensk21b-as1', 'all_emails': ''}, 'г. Санкт-Петербург, ул. Киевская, 5': {'id': '1', 'name': 'Kiev5-as1, Kiev5-as2, Kiev5-as3', 'all_emails': 'vorobyev.e@blago-spb.ru, kornachev@blago-spb.ru, sale@gidruss-spb.ru, slavina0203@yandex.ru, blago@blago-spb.ru, it.invoice@blago-spb.ru, subazip.buhgalter@yandex.ru, subazip@yandex.ru, buh_perspektivaspb@mail.ru, pad777@yandex.ru, perspektiva_spb78@mail.ru, stimulspb2011@yandex.ru, sushchenko.1976@inbox.ru, subazipbuchgalter@yandex.ru, director@megamasterspb.ru, buh@eu-market.ru'}, 'Санкт-Петербург, ул. 5-я Красноармейская, 22': {'id': '1', 'name': '5Krasnoarm22-as1, 5Krasnoarm22-as3, 5Krasnoarm22-as2', 'all_emails': 'guproffic@gmail.com, bk@injcentr.ru, valevina@ibcon.ru, office@ibcon.ru, malyshev.a@conhp.com, spb@conhp.com, zemlakov@injcentr.ru, erokhno@ibcon.ru, koroleva@ibcon.ru, sskifi@mail.ru'}, 'Санкт-Петербург, ул. Заозерная, 1к3': {'id': '1', 'name': 'Zaozer1-as1', 'all_emails': '3327268@gmail.com, pmbaltic@yandex.ru, klikaspb@gmail.com, malikov.spb@gmail.com'}}, 'text_vars': {'subject': 'Уведомление о плановых работах на сети АО «Авантел»', 'time_date': '08.04.2021', 'time_start': '23:00', 'time_end': '03:00', 'time_span': '60'}}
[2021-04-07 11:10:36,674] INFO - Corrected subject: Уведомление о плановых работах на сети АО «Авантел»
[2021-04-07 11:10:36,685] INFO - Message compiled: 
Уважаемый клиент АО «Авантел»!
<br>
<br>Информируем Вас, что <b>08.04.2021</b> г.  в период с <b>23:00</b> до <b>03:00</b> (мск)
будут проведены планово-профилактические работы.
<br>
<br>Работы будут сопровождаться перерывом услуг связи продолжительностью до <b>60</b> минут в указанном интервале
предоставляемых по адресу: г. Санкт-Петербург, пр-т Клинский, 23
<br>
<br>По всем возникающим вопросам Вы можете обратиться в круглосуточную службу технической поддержки компании АО «Авантел» по тел: 8 (812) 4016003  или написать письмо на адрес support@spb.avantel.ru
<br>
<br><font color="#757575">-- 
<br>С уважением,
<br>инженер технической поддержки
<br>___________________________________
<br>АО «АВАНТЕЛ»
<br>Санкт-Петербург, Белоостровская ул., 6
<br>тел.: +7 812 401-60-00
<br>www.avantel.ru</font>
[2021-04-07 11:10:36,742] ERROR - Ошибка в функции send_email {'': (501, b'5.1.3 Bad recipient address syntax')}
[2021-04-07 11:10:36,860] INFO - email sent to anton@domino-host.ru
[2021-04-07 11:10:36,891] INFO - email sent to malyshev.a@conhp.com
[2021-04-07 11:10:36,924] INFO - email sent to 9750518@rambler.ru
[2021-04-07 11:10:36,952] INFO - email sent to stk-standart@bk.ru
[2021-04-07 11:10:36,970] INFO - email sent to spb@conhp.com
[2021-04-07 11:10:37,014] INFO - email sent to support@spb.avantel.ru
[2021-04-07 11:10:37,041] INFO - Message compiled: 
Уважаемый клиент АО «Авантел»!
<br>
<br>Информируем Вас, что <b>08.04.2021</b> г.  в период с <b>23:00</b> до <b>03:00</b> (мск)
будут проведены планово-профилактические работы.
<br>
<br>Работы будут сопровождаться перерывом услуг связи продолжительностью до <b>60</b> минут в указанном интервале
предоставляемых по адресу: г. Санкт-Петербург, пр-т Смоленский, 21Б
<br>
<br>По всем возникающим вопросам Вы можете обратиться в круглосуточную службу технической поддержки компании АО «Авантел» по тел: 8 (812) 4016003  или написать письмо на адрес support@spb.avantel.ru
<br>
<br><font color="#757575">-- 
<br>С уважением,
<br>инженер технической поддержки
<br>___________________________________
<br>АО «АВАНТЕЛ»
<br>Санкт-Петербург, Белоостровская ул., 6
<br>тел.: +7 812 401-60-00
<br>www.avantel.ru</font>
[2021-04-07 11:10:37,056] ERROR - Ошибка в функции send_email {'': (501, b'5.1.3 Bad recipient address syntax')}
[2021-04-07 11:10:37,084] INFO - email sent to support@spb.avantel.ru
[2021-04-07 11:10:37,118] INFO - Message compiled: 
Уважаемый клиент АО «Авантел»!
<br>
<br>Информируем Вас, что <b>08.04.2021</b> г.  в период с <b>23:00</b> до <b>03:00</b> (мск)
будут проведены планово-профилактические работы.
<br>
<br>Работы будут сопровождаться перерывом услуг связи продолжительностью до <b>60</b> минут в указанном интервале
предоставляемых по адресу: г. Санкт-Петербург, ул. Киевская, 5
<br>
<br>По всем возникающим вопросам Вы можете обратиться в круглосуточную службу технической поддержки компании АО «Авантел» по тел: 8 (812) 4016003  или написать письмо на адрес support@spb.avantel.ru
<br>
<br><font color="#757575">-- 
<br>С уважением,
<br>инженер технической поддержки
<br>___________________________________
<br>АО «АВАНТЕЛ»
<br>Санкт-Петербург, Белоостровская ул., 6
<br>тел.: +7 812 401-60-00
<br>www.avantel.ru</font>
[2021-04-07 11:10:37,181] INFO - email sent to vorobyev.e@blago-spb.ru
[2021-04-07 11:10:37,206] INFO - email sent to kornachev@blago-spb.ru
[2021-04-07 11:10:37,252] INFO - email sent to sale@gidruss-spb.ru
[2021-04-07 11:10:37,291] INFO - email sent to slavina0203@yandex.ru
[2021-04-07 11:10:37,322] INFO - email sent to blago@blago-spb.ru
[2021-04-07 11:10:37,341] INFO - email sent to it.invoice@blago-spb.ru
[2021-04-07 11:10:37,370] INFO - email sent to subazip.buhgalter@yandex.ru
[2021-04-07 11:10:37,393] INFO - email sent to subazip@yandex.ru
[2021-04-07 11:10:37,424] INFO - email sent to buh_perspektivaspb@mail.ru
[2021-04-07 11:10:37,446] INFO - email sent to pad777@yandex.ru
[2021-04-07 11:10:37,476] INFO - email sent to perspektiva_spb78@mail.ru
[2021-04-07 11:10:37,505] INFO - email sent to stimulspb2011@yandex.ru
[2021-04-07 11:10:37,548] INFO - email sent to sushchenko.1976@inbox.ru
[2021-04-07 11:10:37,577] INFO - email sent to subazipbuchgalter@yandex.ru
[2021-04-07 11:10:37,600] INFO - email sent to director@megamasterspb.ru
[2021-04-07 11:10:37,648] INFO - email sent to buh@eu-market.ru
[2021-04-07 11:10:37,667] INFO - email sent to support@spb.avantel.ru
[2021-04-07 11:10:37,688] INFO - Message compiled: 
Уважаемый клиент АО «Авантел»!
<br>
<br>Информируем Вас, что <b>08.04.2021</b> г.  в период с <b>23:00</b> до <b>03:00</b> (мск)
будут проведены планово-профилактические работы.
<br>
<br>Работы будут сопровождаться перерывом услуг связи продолжительностью до <b>60</b> минут в указанном интервале
предоставляемых по адресу: Санкт-Петербург, ул. 5-я Красноармейская, 22
<br>
<br>По всем возникающим вопросам Вы можете обратиться в круглосуточную службу технической поддержки компании АО «Авантел» по тел: 8 (812) 4016003  или написать письмо на адрес support@spb.avantel.ru
<br>
<br><font color="#757575">-- 
<br>С уважением,
<br>инженер технической поддержки
<br>___________________________________
<br>АО «АВАНТЕЛ»
<br>Санкт-Петербург, Белоостровская ул., 6
<br>тел.: +7 812 401-60-00
<br>www.avantel.ru</font>
[2021-04-07 11:10:37,721] INFO - email sent to guproffic@gmail.com
[2021-04-07 11:10:37,764] INFO - email sent to bk@injcentr.ru
[2021-04-07 11:10:37,833] INFO - email sent to valevina@ibcon.ru
[2021-04-07 11:10:37,975] INFO - email sent to office@ibcon.ru
[2021-04-07 11:10:37,995] INFO - email sent to malyshev.a@conhp.com
[2021-04-07 11:10:38,014] INFO - email sent to spb@conhp.com
[2021-04-07 11:10:38,043] INFO - email sent to zemlakov@injcentr.ru
[2021-04-07 11:10:38,062] INFO - email sent to erokhno@ibcon.ru
[2021-04-07 11:10:38,079] INFO - email sent to koroleva@ibcon.ru
[2021-04-07 11:10:38,098] INFO - email sent to sskifi@mail.ru
[2021-04-07 11:10:38,131] INFO - email sent to support@spb.avantel.ru
[2021-04-07 11:10:38,150] INFO - Message compiled: 
Уважаемый клиент АО «Авантел»!
<br>
<br>Информируем Вас, что <b>08.04.2021</b> г.  в период с <b>23:00</b> до <b>03:00</b> (мск)
будут проведены планово-профилактические работы.
<br>
<br>Работы будут сопровождаться перерывом услуг связи продолжительностью до <b>60</b> минут в указанном интервале
предоставляемых по адресу: Санкт-Петербург, ул. Заозерная, 1к3
<br>
<br>По всем возникающим вопросам Вы можете обратиться в круглосуточную службу технической поддержки компании АО «Авантел» по тел: 8 (812) 4016003  или написать письмо на адрес support@spb.avantel.ru
<br>
<br><font color="#757575">-- 
<br>С уважением,
<br>инженер технической поддержки
<br>___________________________________
<br>АО «АВАНТЕЛ»
<br>Санкт-Петербург, Белоостровская ул., 6
<br>тел.: +7 812 401-60-00
<br>www.avantel.ru</font>
[2021-04-07 11:10:38,188] INFO - email sent to 3327268@gmail.com
[2021-04-07 11:10:38,207] INFO - email sent to pmbaltic@yandex.ru
[2021-04-07 11:10:38,243] INFO - email sent to klikaspb@gmail.com
[2021-04-07 11:10:38,279] INFO - email sent to malikov.spb@gmail.com
[2021-04-07 11:10:38,300] INFO - email sent to support@spb.avantel.ru
[2021-04-26 15:52:47,748] INFO - DEV_ARRR 10.60.253.94 ['10.60.254.119']
[2021-04-26 15:52:47,934] INFO - DEV_ARRR 10.60.253.76 ['10.60.254.119', '10.60.253.94']
[2021-04-26 15:52:48,123] INFO - DEV_ARRR 10.60.254.18 ['10.60.254.119', '10.60.253.94', '10.60.253.76']
[2021-04-26 15:52:48,300] INFO - DEV_ARRR 10.60.254.111 ['10.60.254.119', '10.60.253.94', '10.60.253.76', '10.60.254.18']
[2021-04-26 15:52:48,480] INFO - DEV_ARRR 10.60.254.130 ['10.60.254.119', '10.60.253.94', '10.60.253.76', '10.60.254.18', '10.60.254.111']
[2021-04-26 15:52:51,895] INFO - DEV_ARRR 10.60.241.11 ['10.60.253.94', '10.60.253.76', '10.60.254.18', '10.60.254.111', '10.60.254.130']
[2021-04-26 15:52:58,546] INFO - DEV_ARRR 10.60.254.132 ['10.60.254.130', '10.60.241.11']
[2021-04-26 15:52:58,690] INFO - DEV_ARRR 10.60.254.133 ['10.60.254.130', '10.60.241.11', '10.60.254.132']
[2021-04-26 15:52:58,823] INFO - DEV_ARRR 10.60.254.131 ['10.60.254.130', '10.60.241.11', '10.60.254.132', '10.60.254.133']
[2021-04-26 15:53:09,960] INFO - {'10.60.254.119': {'name': 'Kantemir4-as2', 'ip': '10.60.254.119', 'address': '', 'uplink': '', 'cont_num': '1', 'unrecognized': '', 'alive': 1, 'contracts': {'': ''}}, '10.60.253.94': {'name': 'Vyborg-nab55-as1', 'ip': '10.60.253.94', 'address': '', 'uplink': 'Kantemir4-as2', 'cont_num': '4', 'unrecognized': 'OFF(0225-20_TDTS)', 'alive': 1, 'contracts': {'0303-19': 'info@meta-company.ru, info@enresh.ru, inresh2005@yandex.ru', '0122-19': 'join@prolevtech.com', '0227-20': 'zhasmina.andreeva@cellooe.ru, ekaterina.serkova@cellooe.ru', '0235-19': 'paul.tanaskov@gmail.com, c2.admin@ciliz.com, olgakurilova@gmail.com'}}, '10.60.253.76': {'name': 'Kantemir5-as3', 'ip': '10.60.253.76', 'address': '', 'uplink': 'Kantemir4-as2', 'cont_num': '1', 'unrecognized': '', 'alive': 1, 'contracts': {'0229-18': 'danilov.aleksandr@zolotoy.ru, kosjakin.konstantin@talant-gold.ru, top412@spb-yuz.ru'}}, '10.60.254.18': {'name': 'Kantemir5-as1', 'ip': '10.60.254.18', 'address': '', 'uplink': 'Kantemir4-as2', 'cont_num': '2', 'unrecognized': 'OFF(00333)', 'alive': 1, 'contracts': {'00336': 'sharin@itain.spb.ru, uks@itain.spb.ru, olgaoffice@itain.spb.ru, it@itain.spb.ru, naumkin_b@itain.spb.ru', '0056-16': 'a@ruscold.com, a@ruscold.ru, tanya@ruscold.ru, reflogllc@gmail.com, tanya@ruscold.com'}}, '10.60.254.111': {'name': 'Kantemir2-as1', 'ip': '10.60.254.111', 'address': '', 'uplink': 'Kantemir4-as2', 'cont_num': '1', 'unrecognized': '', 'alive': 1, 'contracts': {'0136-19': 'glodev@unionbox.ru, elkina@unionbox.ru, volkovatv@unionbox.ru, admin@vipsgroup.com'}}, '10.60.254.130': {'name': 'Vyborg-nab61-as1', 'ip': '10.60.254.130', 'address': '', 'uplink': 'Kantemir4-as2', 'cont_num': '1', 'unrecognized': '', 'alive': 1, 'contracts': {'': ''}}, '10.60.241.11': {'name': 'Vyborg-nab55-as2', 'ip': '10.60.241.11', 'address': '', 'uplink': 'Vyborg-nab55-as1', 'cont_num': '1', 'unrecognized': '', 'alive': 1, 'contracts': {'0073-19': 'pasha_spb@inbox.ru'}}, '10.60.254.132': {'name': 'Vyborg-nab61-as3', 'ip': '10.60.254.132', 'address': '', 'uplink': 'Vyborg-nab61-as1', 'cont_num': '3', 'unrecognized': 'OFF(0279-19)', 'alive': 1, 'contracts': {'0417-19': 'all@we2ru.ru, 108@wolf.com.ru', '0019-21': 'filial7@tlk-group.ru', '0131-21': 'support@it-ontime.ru, hr235965@gmail.com, arabochaya19@gmail.com'}}, '10.60.254.133': {'name': 'Vyborg-nab61-as4', 'ip': '10.60.254.133', 'address': '', 'uplink': 'Vyborg-nab61-as1', 'cont_num': '5', 'unrecognized': 'OFF(0373-19)', 'alive': 1, 'contracts': {'0320-19': 'antonov.d.hc@gmail.com', '0368-19': 'shulepovk@gmail.com', '0224-15': 'info@dialet.ru, irina.palkina@dialet.ru, alexey.luzhnov@dialet.ru, yana.generalova@dialet.ru, elvira.tkachenko@dialet.ru, alexsey.luzhnov@mail.ru, alexey.luzhnov@mail.ru', '0131-21': 'support@it-ontime.ru, hr235965@gmail.com, arabochaya19@gmail.com', '0122-20': 'office@cpteam.ru'}}, '10.60.254.131': {'name': 'Vyborg-nab61-as2', 'ip': '10.60.254.131', 'address': '', 'uplink': 'Vyborg-nab61-as1', 'cont_num': '1', 'unrecognized': 'AK-02_TTK-QnQ, O-001-14_ERTH-LapinCars, OFF(0409-19), OFF(0045-20), Vyborg_nab61_ups1(10.60.254.134)', 'alive': 1, 'contracts': {'0026-20': 'spb@umpgroup.ru'}}}
[2021-04-26 15:53:10,081] INFO - Turned on inventory for Vyborg-nab55-as1
[2021-04-26 15:53:10,148] INFO - Turned on inventory for Kantemir5-as3
[2021-04-26 15:53:10,211] INFO - Turned on inventory for Kantemir5-as1
[2021-04-26 15:53:10,269] INFO - Turned on inventory for Kantemir2-as1
[2021-04-26 15:53:10,331] INFO - Turned on inventory for Vyborg-nab61-as1
[2021-04-26 15:53:10,392] INFO - Turned on inventory for Vyborg-nab55-as2
[2021-04-26 15:53:10,454] INFO - Turned on inventory for Vyborg-nab61-as3
[2021-04-26 15:53:10,539] INFO - Turned on inventory for Vyborg-nab61-as2
[2021-05-04 14:17:26,702] INFO - Data to work with: {'addr_d': {'г. Санкт-Петербург, ул. Кантемировская, 4': {'id': '0', 'name': 'Kantemir4-as2', 'all_emails': ''}, 'г. Санкт-Петербург, наб. Выборгская, 55': {'id': '1', 'name': 'Vyborg-nab55-as1, Vyborg-nab55-as2', 'all_emails': 'info@meta-company.ru, ekaterina.serkova@cellooe.ru, zhasmina.andreeva@cellooe.ru, info@enresh.ru, pasha_spb@inbox.ru, inresh2005@yandex.ru, join@prolevtech.com, paul.tanaskov@gmail.com, c2.admin@ciliz.com, olgakurilova@gmail.com'}, 'г. Санкт-Петербург, ул. Кантемировская, 5': {'id': '1', 'name': 'Kantemir5-as3, Kantemir5-as1', 'all_emails': 'a@ruscold.com, sharin@itain.spb.ru, uks@itain.spb.ru, a@ruscold.ru, kosjakin.konstantin@talant-gold.ru, olgaoffice@itain.spb.ru, it@itain.spb.ru, top412@spb-yuz.ru, tanya@ruscold.ru, tanya@ruscold.com, reflogllc@gmail.com, danilov.aleksandr@zolotoy.ru, naumkin_b@itain.spb.ru'}, 'г. Санкт-Петербург, ул. Кантемировская, 2': {'id': '1', 'name': 'Kantemir2-as1', 'all_emails': 'admin@vipsgroup.com, elkina@unionbox.ru, volkovatv@unionbox.ru, glodev@unionbox.ru'}, 'г. Санкт-Петербург, наб. Выборгская, 61': {'id': '1', 'name': 'Vyborg-nab61-as1, Vyborg-nab61-as3, Vyborg-nab61-as4, Vyborg-nab61-as2', 'all_emails': ', all@we2ru.ru, support@it-ontime.ru, spb@umpgroup.ru, filial7@tlk-group.ru, hr235965@gmail.com, 108@wolf.com.ru, info@dialet.ru, office@cpteam.ru, antonov.d.hc@gmail.com, arabochaya19@gmail.com, irina.palkina@dialet.ru, alexey.luzhnov@dialet.ru, yana.generalova@dialet.ru, elvira.tkachenko@dialet.ru, alexsey.luzhnov@mail.ru, alexey.luzhnov@mail.ru, shulepovk@gmail.com'}}, 'text_vars': {'subject': 'Уведомление о плановых работах на сети АО «Авантел»', 'time_date': '06.05.2021', 'time_start': '20:00', 'time_end': '21:00', 'time_span': '15'}}
[2021-05-04 14:17:26,704] INFO - Corrected subject: Уведомление о плановых работах на сети АО «Авантел»
[2021-05-04 14:17:26,706] INFO - Message compiled: 
Уважаемый клиент АО «Авантел»!
<br>
<br>Информируем Вас, что <b>06.05.2021</b> г.  в период с <b>20:00</b> до <b>21:00</b> (мск)
будут проведены планово-профилактические работы.
<br>
<br>Работы будут сопровождаться перерывом услуг связи продолжительностью до <b>15</b> минут в указанном интервале
предоставляемых по адресу: г. Санкт-Петербург, ул. Кантемировская, 4
<br>
<br>По всем возникающим вопросам Вы можете обратиться в круглосуточную службу технической поддержки компании АО «Авантел» по тел: 8 (812) 4016003  или написать письмо на адрес support@spb.avantel.ru
<br>
<br><font color="#757575">-- 
<br>С уважением,
<br>инженер технической поддержки
<br>___________________________________
<br>АО «АВАНТЕЛ»
<br>Санкт-Петербург, Белоостровская ул., 6
<br>тел.: +7 812 401-60-00
<br>www.avantel.ru</font>
[2021-05-04 14:17:26,727] ERROR - Ошибка в функции send_email {'': (501, b'5.1.3 Bad recipient address syntax')}
[2021-05-04 14:17:26,800] INFO - email sent to support@spb.avantel.ru
[2021-05-04 14:17:26,823] INFO - Message compiled: 
Уважаемый клиент АО «Авантел»!
<br>
<br>Информируем Вас, что <b>06.05.2021</b> г.  в период с <b>20:00</b> до <b>21:00</b> (мск)
будут проведены планово-профилактические работы.
<br>
<br>Работы будут сопровождаться перерывом услуг связи продолжительностью до <b>15</b> минут в указанном интервале
предоставляемых по адресу: г. Санкт-Петербург, наб. Выборгская, 55
<br>
<br>По всем возникающим вопросам Вы можете обратиться в круглосуточную службу технической поддержки компании АО «Авантел» по тел: 8 (812) 4016003  или написать письмо на адрес support@spb.avantel.ru
<br>
<br><font color="#757575">-- 
<br>С уважением,
<br>инженер технической поддержки
<br>___________________________________
<br>АО «АВАНТЕЛ»
<br>Санкт-Петербург, Белоостровская ул., 6
<br>тел.: +7 812 401-60-00
<br>www.avantel.ru</font>
[2021-05-04 14:17:26,850] INFO - email sent to info@meta-company.ru
[2021-05-04 14:17:26,879] INFO - email sent to ekaterina.serkova@cellooe.ru
[2021-05-04 14:17:26,901] INFO - email sent to zhasmina.andreeva@cellooe.ru
[2021-05-04 14:17:26,918] INFO - email sent to info@enresh.ru
[2021-05-04 14:17:26,936] INFO - email sent to pasha_spb@inbox.ru
[2021-05-04 14:17:26,954] INFO - email sent to inresh2005@yandex.ru
[2021-05-04 14:17:26,985] INFO - email sent to join@prolevtech.com
[2021-05-04 14:17:27,004] INFO - email sent to paul.tanaskov@gmail.com
[2021-05-04 14:17:27,023] INFO - email sent to c2.admin@ciliz.com
[2021-05-04 14:17:27,040] INFO - email sent to olgakurilova@gmail.com
[2021-05-04 14:17:27,058] INFO - email sent to support@spb.avantel.ru
[2021-05-04 14:17:27,091] INFO - Message compiled: 
Уважаемый клиент АО «Авантел»!
<br>
<br>Информируем Вас, что <b>06.05.2021</b> г.  в период с <b>20:00</b> до <b>21:00</b> (мск)
будут проведены планово-профилактические работы.
<br>
<br>Работы будут сопровождаться перерывом услуг связи продолжительностью до <b>15</b> минут в указанном интервале
предоставляемых по адресу: г. Санкт-Петербург, ул. Кантемировская, 5
<br>
<br>По всем возникающим вопросам Вы можете обратиться в круглосуточную службу технической поддержки компании АО «Авантел» по тел: 8 (812) 4016003  или написать письмо на адрес support@spb.avantel.ru
<br>
<br><font color="#757575">-- 
<br>С уважением,
<br>инженер технической поддержки
<br>___________________________________
<br>АО «АВАНТЕЛ»
<br>Санкт-Петербург, Белоостровская ул., 6
<br>тел.: +7 812 401-60-00
<br>www.avantel.ru</font>
[2021-05-04 14:17:27,282] INFO - email sent to a@ruscold.com
[2021-05-04 14:17:27,489] INFO - email sent to sharin@itain.spb.ru
[2021-05-04 14:17:27,509] INFO - email sent to uks@itain.spb.ru
[2021-05-04 14:17:27,526] INFO - email sent to a@ruscold.ru
[2021-05-04 14:17:27,546] INFO - email sent to kosjakin.konstantin@talant-gold.ru
[2021-05-04 14:17:27,593] INFO - email sent to olgaoffice@itain.spb.ru
[2021-05-04 14:17:27,616] INFO - email sent to it@itain.spb.ru
[2021-05-04 14:17:27,633] INFO - email sent to top412@spb-yuz.ru
[2021-05-04 14:17:27,655] INFO - email sent to tanya@ruscold.ru
[2021-05-04 14:17:27,672] INFO - email sent to tanya@ruscold.com
[2021-05-04 14:17:27,690] INFO - email sent to reflogllc@gmail.com
[2021-05-04 14:17:27,706] INFO - email sent to danilov.aleksandr@zolotoy.ru
[2021-05-04 14:17:27,722] INFO - email sent to naumkin_b@itain.spb.ru
[2021-05-04 14:17:27,740] INFO - email sent to support@spb.avantel.ru
[2021-05-04 14:17:27,755] INFO - Message compiled: 
Уважаемый клиент АО «Авантел»!
<br>
<br>Информируем Вас, что <b>06.05.2021</b> г.  в период с <b>20:00</b> до <b>21:00</b> (мск)
будут проведены планово-профилактические работы.
<br>
<br>Работы будут сопровождаться перерывом услуг связи продолжительностью до <b>15</b> минут в указанном интервале
предоставляемых по адресу: г. Санкт-Петербург, ул. Кантемировская, 2
<br>
<br>По всем возникающим вопросам Вы можете обратиться в круглосуточную службу технической поддержки компании АО «Авантел» по тел: 8 (812) 4016003  или написать письмо на адрес support@spb.avantel.ru
<br>
<br><font color="#757575">-- 
<br>С уважением,
<br>инженер технической поддержки
<br>___________________________________
<br>АО «АВАНТЕЛ»
<br>Санкт-Петербург, Белоостровская ул., 6
<br>тел.: +7 812 401-60-00
<br>www.avantel.ru</font>
[2021-05-04 14:17:27,784] INFO - email sent to admin@vipsgroup.com
[2021-05-04 14:17:27,805] INFO - email sent to elkina@unionbox.ru
[2021-05-04 14:17:27,821] INFO - email sent to volkovatv@unionbox.ru
[2021-05-04 14:17:27,839] INFO - email sent to glodev@unionbox.ru
[2021-05-04 14:17:27,864] INFO - email sent to support@spb.avantel.ru
[2021-05-04 14:17:27,880] INFO - Message compiled: 
Уважаемый клиент АО «Авантел»!
<br>
<br>Информируем Вас, что <b>06.05.2021</b> г.  в период с <b>20:00</b> до <b>21:00</b> (мск)
будут проведены планово-профилактические работы.
<br>
<br>Работы будут сопровождаться перерывом услуг связи продолжительностью до <b>15</b> минут в указанном интервале
предоставляемых по адресу: г. Санкт-Петербург, наб. Выборгская, 61
<br>
<br>По всем возникающим вопросам Вы можете обратиться в круглосуточную службу технической поддержки компании АО «Авантел» по тел: 8 (812) 4016003  или написать письмо на адрес support@spb.avantel.ru
<br>
<br><font color="#757575">-- 
<br>С уважением,
<br>инженер технической поддержки
<br>___________________________________
<br>АО «АВАНТЕЛ»
<br>Санкт-Петербург, Белоостровская ул., 6
<br>тел.: +7 812 401-60-00
<br>www.avantel.ru</font>
[2021-05-04 14:17:27,892] ERROR - Ошибка в функции send_email {'': (501, b'5.1.3 Bad recipient address syntax')}
[2021-05-04 14:17:27,910] INFO - email sent to all@we2ru.ru
[2021-05-04 14:17:27,927] INFO - email sent to support@it-ontime.ru
[2021-05-04 14:17:27,944] INFO - email sent to spb@umpgroup.ru
[2021-05-04 14:17:27,962] INFO - email sent to filial7@tlk-group.ru
[2021-05-04 14:17:27,979] INFO - email sent to hr235965@gmail.com
[2021-05-04 14:17:27,997] INFO - email sent to 108@wolf.com.ru
[2021-05-04 14:17:28,023] INFO - email sent to info@dialet.ru
[2021-05-04 14:17:28,041] INFO - email sent to office@cpteam.ru
[2021-05-04 14:17:28,059] INFO - email sent to antonov.d.hc@gmail.com
[2021-05-04 14:17:28,079] INFO - email sent to arabochaya19@gmail.com
[2021-05-04 14:17:28,097] INFO - email sent to irina.palkina@dialet.ru
[2021-05-04 14:17:28,163] INFO - email sent to alexey.luzhnov@dialet.ru
[2021-05-04 14:17:28,189] INFO - email sent to yana.generalova@dialet.ru
[2021-05-04 14:17:28,215] INFO - email sent to elvira.tkachenko@dialet.ru
[2021-05-04 14:17:28,232] INFO - email sent to alexsey.luzhnov@mail.ru
[2021-05-04 14:17:28,250] INFO - email sent to alexey.luzhnov@mail.ru
[2021-05-04 14:17:28,274] INFO - email sent to shulepovk@gmail.com
[2021-05-04 14:17:28,293] INFO - email sent to support@spb.avantel.ru
