[2021-04-05 17:52:59,234] INFO - Data to work with: {'addr_d': {'г. Санкт-Петербург, пр-т Клинский, 23': {'id': '0', 'name': 'klin23-cr1, Klin23-as1', 'all_emails': ', spb@conhp.com, 9750518@rambler.ru, stk-standart@bk.ru, malyshev.a@conhp.com, anton@domino-host.ru'}, 'г. Санкт-Петербург, пр-т Смоленский, 21Б': {'id': '1', 'name': 'Smolensk21b-as1', 'all_emails': ''}, 'г. Санкт-Петербург, ул. Киевская, 5': {'id': '1', 'name': 'Kiev5-as1, Kiev5-as2, Kiev5-as3', 'all_emails': 'pad777@yandex.ru, buh@eu-market.ru, perspektiva_spb78@mail.ru, kornachev@blago-spb.ru, subazip.buhgalter@yandex.ru, it.invoice@blago-spb.ru, subazipbuchgalter@yandex.ru, sale@gidruss-spb.ru, stimulspb2011@yandex.ru, vorobyev.e@blago-spb.ru, subazip@yandex.ru, slavina0203@yandex.ru, buh_perspektivaspb@mail.ru, blago@blago-spb.ru, sushchenko.1976@inbox.ru, director@megamasterspb.ru'}, 'Санкт-Петербург, ул. 5-я Красноармейская, 22': {'id': '1', 'name': '5Krasnoarm22-as1, 5Krasnoarm22-as3, 5Krasnoarm22-as2', 'all_emails': 'spb@conhp.com, malyshev.a@conhp.com, bk@injcentr.ru, office@ibcon.ru, valevina@ibcon.ru, erokhno@ibcon.ru, sskifi@mail.ru, zemlakov@injcentr.ru, guproffic@gmail.com, koroleva@ibcon.ru'}, 'Санкт-Петербург, ул. Заозерная, 1к3': {'id': '1', 'name': 'Zaozer1-as1', 'all_emails': 'malikov.spb@gmail.com, klikaspb@gmail.com, pmbaltic@yandex.ru, 3327268@gmail.com'}, 'г. Санкт-Петербург, ул. Константина Заслонова, 4': {'id': '1', 'name': 'Zaslonova4-as1', 'all_emails': 'info@vertigotile.ru'}, 'г. Санкт-Петербург, ул. Константина Заслонова, 7': {'id': '1', 'name': 'Zaslonova7-as1', 'all_emails': 'support@astralnw.ru, romahina@astralnw.ru, popov@astralnw.ru, baranovskya@astralnw.ru, cio@astralnw.ru, ibragimovam@astralnw.ru, spb@astralnalog.ru, office@astralnw.ru'}}, 'text_vars': {'subject': 'Уведомление о плановых работах на сети АО «Авантел»', 'time_date': '09.04.2021', 'time_start': '00:00', 'time_end': '03:00', 'time_span': '60'}}
[2021-04-05 17:52:59,236] INFO - Corrected subject: Уведомление о плановых работах на сети АО «Авантел»
[2021-04-05 17:52:59,241] INFO - Message compiled: 
Уважаемый клиент АО «Авантел»!
<br>
<br>Информируем Вас, что <b>09.04.2021</b> г.  в период с <b>00:00</b> до <b>03:00</b> (мск)
будут проведены планово-профилактические работы.
<br>
<br>Работы будут сопровождаться перерывом услуг связи продолжительностью до <b>60</b> минут в указанном интервале
предоставляемых по адресу: г. Санкт-Петербург, пр-т Клинский, 23
<br>
<br>По всем возникающим вопросам Вы можете обратиться в круглосуточную службу технической поддержки компании АО «Авантел» по тел: 8 (812) 4016003  или написать письмо на адрес support@spb.avantel.ru
<br>
<br><font color="#757575">-- 
<br>С уважением,
<br>инженер технической поддержки
<br>___________________________________
<br>АО «АВАНТЕЛ»
<br>Санкт-Петербург, Белоостровская ул., 6
<br>тел.: +7 812 401-60-00
<br>www.avantel.ru</font>
[2021-04-05 17:52:59,496] ERROR - Ошибка в функции send_email {'': (501, b'5.1.3 Bad recipient address syntax')}
[2021-04-05 17:52:59,516] INFO - email sent to spb@conhp.com
[2021-04-05 17:52:59,535] INFO - email sent to 9750518@rambler.ru
[2021-04-05 17:52:59,553] INFO - email sent to stk-standart@bk.ru
[2021-04-05 17:52:59,574] INFO - email sent to malyshev.a@conhp.com
[2021-04-05 17:52:59,593] INFO - email sent to anton@domino-host.ru
[2021-04-05 17:52:59,631] INFO - email sent to support@spb.avantel.ru
[2021-04-05 17:53:00,159] INFO - Message compiled: 
Уважаемый клиент АО «Авантел»!
<br>
<br>Информируем Вас, что <b>09.04.2021</b> г.  в период с <b>00:00</b> до <b>03:00</b> (мск)
будут проведены планово-профилактические работы.
<br>
<br>Работы будут сопровождаться перерывом услуг связи продолжительностью до <b>60</b> минут в указанном интервале
предоставляемых по адресу: г. Санкт-Петербург, пр-т Смоленский, 21Б
<br>
<br>По всем возникающим вопросам Вы можете обратиться в круглосуточную службу технической поддержки компании АО «Авантел» по тел: 8 (812) 4016003  или написать письмо на адрес support@spb.avantel.ru
<br>
<br><font color="#757575">-- 
<br>С уважением,
<br>инженер технической поддержки
<br>___________________________________
<br>АО «АВАНТЕЛ»
<br>Санкт-Петербург, Белоостровская ул., 6
<br>тел.: +7 812 401-60-00
<br>www.avantel.ru</font>
[2021-04-05 17:53:00,170] ERROR - Ошибка в функции send_email {'': (501, b'5.1.3 Bad recipient address syntax')}
[2021-04-05 17:53:00,194] INFO - email sent to support@spb.avantel.ru
[2021-04-05 17:53:00,634] INFO - Message compiled: 
Уважаемый клиент АО «Авантел»!
<br>
<br>Информируем Вас, что <b>09.04.2021</b> г.  в период с <b>00:00</b> до <b>03:00</b> (мск)
будут проведены планово-профилактические работы.
<br>
<br>Работы будут сопровождаться перерывом услуг связи продолжительностью до <b>60</b> минут в указанном интервале
предоставляемых по адресу: г. Санкт-Петербург, ул. Киевская, 5
<br>
<br>По всем возникающим вопросам Вы можете обратиться в круглосуточную службу технической поддержки компании АО «Авантел» по тел: 8 (812) 4016003  или написать письмо на адрес support@spb.avantel.ru
<br>
<br><font color="#757575">-- 
<br>С уважением,
<br>инженер технической поддержки
<br>___________________________________
<br>АО «АВАНТЕЛ»
<br>Санкт-Петербург, Белоостровская ул., 6
<br>тел.: +7 812 401-60-00
<br>www.avantel.ru</font>
[2021-04-05 17:53:00,653] INFO - email sent to pad777@yandex.ru
[2021-04-05 17:53:00,675] INFO - email sent to buh@eu-market.ru
[2021-04-05 17:53:00,696] INFO - email sent to perspektiva_spb78@mail.ru
[2021-04-05 17:53:00,737] INFO - email sent to kornachev@blago-spb.ru
[2021-04-05 17:53:00,757] INFO - email sent to subazip.buhgalter@yandex.ru
[2021-04-05 17:53:00,774] INFO - email sent to it.invoice@blago-spb.ru
[2021-04-05 17:53:00,794] INFO - email sent to subazipbuchgalter@yandex.ru
[2021-04-05 17:53:00,815] INFO - email sent to sale@gidruss-spb.ru
[2021-04-05 17:53:00,842] INFO - email sent to stimulspb2011@yandex.ru
[2021-04-05 17:53:00,875] INFO - email sent to vorobyev.e@blago-spb.ru
[2021-04-05 17:53:00,891] INFO - email sent to subazip@yandex.ru
[2021-04-05 17:53:00,911] INFO - email sent to slavina0203@yandex.ru
[2021-04-05 17:53:00,928] INFO - email sent to buh_perspektivaspb@mail.ru
[2021-04-05 17:53:00,974] INFO - email sent to blago@blago-spb.ru
[2021-04-05 17:53:00,989] INFO - email sent to sushchenko.1976@inbox.ru
[2021-04-05 17:53:01,007] INFO - email sent to director@megamasterspb.ru
[2021-04-05 17:53:01,034] INFO - email sent to support@spb.avantel.ru
[2021-04-05 17:53:01,880] INFO - Message compiled: 
Уважаемый клиент АО «Авантел»!
<br>
<br>Информируем Вас, что <b>09.04.2021</b> г.  в период с <b>00:00</b> до <b>03:00</b> (мск)
будут проведены планово-профилактические работы.
<br>
<br>Работы будут сопровождаться перерывом услуг связи продолжительностью до <b>60</b> минут в указанном интервале
предоставляемых по адресу: Санкт-Петербург, ул. 5-я Красноармейская, 22
<br>
<br>По всем возникающим вопросам Вы можете обратиться в круглосуточную службу технической поддержки компании АО «Авантел» по тел: 8 (812) 4016003  или написать письмо на адрес support@spb.avantel.ru
<br>
<br><font color="#757575">-- 
<br>С уважением,
<br>инженер технической поддержки
<br>___________________________________
<br>АО «АВАНТЕЛ»
<br>Санкт-Петербург, Белоостровская ул., 6
<br>тел.: +7 812 401-60-00
<br>www.avantel.ru</font>
[2021-04-05 17:53:01,950] INFO - email sent to spb@conhp.com
[2021-04-05 17:53:01,994] INFO - email sent to malyshev.a@conhp.com
[2021-04-05 17:53:02,028] INFO - email sent to bk@injcentr.ru
[2021-04-05 17:53:02,056] INFO - email sent to office@ibcon.ru
[2021-04-05 17:53:02,078] INFO - email sent to valevina@ibcon.ru
[2021-04-05 17:53:02,101] INFO - email sent to erokhno@ibcon.ru
[2021-04-05 17:53:02,125] INFO - email sent to sskifi@mail.ru
[2021-04-05 17:53:02,142] INFO - email sent to zemlakov@injcentr.ru
[2021-04-05 17:53:02,164] INFO - email sent to guproffic@gmail.com
[2021-04-05 17:53:02,186] INFO - email sent to koroleva@ibcon.ru
[2021-04-05 17:53:02,206] INFO - email sent to support@spb.avantel.ru
[2021-04-05 17:53:02,237] INFO - Message compiled: 
Уважаемый клиент АО «Авантел»!
<br>
<br>Информируем Вас, что <b>09.04.2021</b> г.  в период с <b>00:00</b> до <b>03:00</b> (мск)
будут проведены планово-профилактические работы.
<br>
<br>Работы будут сопровождаться перерывом услуг связи продолжительностью до <b>60</b> минут в указанном интервале
предоставляемых по адресу: Санкт-Петербург, ул. Заозерная, 1к3
<br>
<br>По всем возникающим вопросам Вы можете обратиться в круглосуточную службу технической поддержки компании АО «Авантел» по тел: 8 (812) 4016003  или написать письмо на адрес support@spb.avantel.ru
<br>
<br><font color="#757575">-- 
<br>С уважением,
<br>инженер технической поддержки
<br>___________________________________
<br>АО «АВАНТЕЛ»
<br>Санкт-Петербург, Белоостровская ул., 6
<br>тел.: +7 812 401-60-00
<br>www.avantel.ru</font>
[2021-04-05 17:53:02,258] INFO - email sent to malikov.spb@gmail.com
[2021-04-05 17:53:02,278] INFO - email sent to klikaspb@gmail.com
[2021-04-05 17:53:02,329] INFO - email sent to pmbaltic@yandex.ru
[2021-04-05 17:53:02,354] INFO - email sent to 3327268@gmail.com
[2021-04-05 17:53:02,419] INFO - email sent to support@spb.avantel.ru
[2021-04-05 17:53:02,608] INFO - Message compiled: 
Уважаемый клиент АО «Авантел»!
<br>
<br>Информируем Вас, что <b>09.04.2021</b> г.  в период с <b>00:00</b> до <b>03:00</b> (мск)
будут проведены планово-профилактические работы.
<br>
<br>Работы будут сопровождаться перерывом услуг связи продолжительностью до <b>60</b> минут в указанном интервале
предоставляемых по адресу: г. Санкт-Петербург, ул. Константина Заслонова, 4
<br>
<br>По всем возникающим вопросам Вы можете обратиться в круглосуточную службу технической поддержки компании АО «Авантел» по тел: 8 (812) 4016003  или написать письмо на адрес support@spb.avantel.ru
<br>
<br><font color="#757575">-- 
<br>С уважением,
<br>инженер технической поддержки
<br>___________________________________
<br>АО «АВАНТЕЛ»
<br>Санкт-Петербург, Белоостровская ул., 6
<br>тел.: +7 812 401-60-00
<br>www.avantel.ru</font>
[2021-04-05 17:53:02,635] INFO - email sent to info@vertigotile.ru
[2021-04-05 17:53:02,717] INFO - email sent to support@spb.avantel.ru
[2021-04-05 17:53:03,027] INFO - Message compiled: 
Уважаемый клиент АО «Авантел»!
<br>
<br>Информируем Вас, что <b>09.04.2021</b> г.  в период с <b>00:00</b> до <b>03:00</b> (мск)
будут проведены планово-профилактические работы.
<br>
<br>Работы будут сопровождаться перерывом услуг связи продолжительностью до <b>60</b> минут в указанном интервале
предоставляемых по адресу: г. Санкт-Петербург, ул. Константина Заслонова, 7
<br>
<br>По всем возникающим вопросам Вы можете обратиться в круглосуточную службу технической поддержки компании АО «Авантел» по тел: 8 (812) 4016003  или написать письмо на адрес support@spb.avantel.ru
<br>
<br><font color="#757575">-- 
<br>С уважением,
<br>инженер технической поддержки
<br>___________________________________
<br>АО «АВАНТЕЛ»
<br>Санкт-Петербург, Белоостровская ул., 6
<br>тел.: +7 812 401-60-00
<br>www.avantel.ru</font>
[2021-04-05 17:53:03,045] INFO - email sent to support@astralnw.ru
[2021-04-05 17:53:03,061] INFO - email sent to romahina@astralnw.ru
[2021-04-05 17:53:03,079] INFO - email sent to popov@astralnw.ru
[2021-04-05 17:53:03,098] INFO - email sent to baranovskya@astralnw.ru
[2021-04-05 17:53:03,115] INFO - email sent to cio@astralnw.ru
[2021-04-05 17:53:03,131] INFO - email sent to ibragimovam@astralnw.ru
[2021-04-05 17:53:03,155] INFO - email sent to spb@astralnalog.ru
[2021-04-05 17:53:03,175] INFO - email sent to office@astralnw.ru
[2021-04-05 17:53:03,193] INFO - email sent to support@spb.avantel.ru
