[2021-05-12 16:42:38,931] INFO - Data to work with: {'addr_d': {'Санкт-Петербург, ул. Белоостровская д.6': {'id': '0', 'name': 'BB-switch-as1', 'all_emails': 'i.kotrelev@avantel.ru'}}, 'text_vars': {'subject': 'Уведомление о плановых работах на сети АО «Авантел»', 'time_date': '14.05.2021', 'time_start': '00:00', 'time_end': '01:00', 'time_span': '5'}, 'hostids': ['11611']}
[2021-05-12 16:42:38,932] INFO - Corrected subject: Уведомление о плановых работах на сети АО «Авантел»
[2021-05-12 16:42:38,940] INFO - Message compiled: 
Уважаемый клиент АО «Авантел»!
<br>
<br>Информируем Вас, что <b>14.05.2021</b> г. в период с <b>00:00</b> до <b>01:00</b> (мск)
будут проведены планово-профилактические работы.
<br>
<br>Работы будут сопровождаться перерывом услуг связи продолжительностью до <b>5</b> минут в указанном интервале
предоставляемых по адресу: Санкт-Петербург, ул. Белоостровская д.6
<br>
<br>По всем возникающим вопросам Вы можете обратиться в круглосуточную службу технической поддержки компании АО «Авантел» по тел: 8 (812) 4016003  или написать письмо на адрес support@spb.avantel.ru
<br>
<br><font color="#757575">-- 
<br>С уважением,
<br>инженер технической поддержки
<br>___________________________________
<br>АО «АВАНТЕЛ»
<br>Санкт-Петербург, Белоостровская ул., 6
<br>тел.: +7 812 401-60-00
<br>www.avantel.ru</font>
[2021-05-12 16:42:38,974] INFO - email sent to i.kotrelev@avantel.ru
[2021-05-12 16:42:38,995] INFO - email sent to support@spb.avantel.ru
[2021-05-12 16:42:39,033] ERROR - Ошибка в функции zabbix_add_maintenance Invalid format specifier
