[2021-05-26 17:17:33,009] INFO - Data to work with: {'addr_d': {'г. Санкт-Петербург, ул. Салова 53': {'id': '0', 'name': 'Salova53k1-as1, Salova53-as2, Salova53-as3, Salova53-as4, Salova53k1-as5', 'all_emails': 'amv@telecom-master.ru, office@tda-spb.ru, office@eurotechspb.com, mam@telecom-master.ru, sharapov@tehnocom.net, spb@vstarcam.ru, laa@telecom-master.ru'}, 'г. Санкт-Петербург, ул. Салова 47': {'id': '1', 'name': 'Salova47-as1', 'all_emails': 'sharapov@tehnocom.net'}}, 'text_vars': {'subject': 'Уведомление о плановых работах на сети АО «Авантел»', 'time_date': '28.05.2021', 'time_start': '08:00', 'time_end': '09:00', 'time_span': '60'}, 'hostids': ['11681', '11822', '11843', '11898', '11899', '12026', '12042', '12014']}
[2021-05-26 17:17:33,010] INFO - Corrected subject: Уведомление о плановых работах на сети АО «Авантел»
[2021-05-26 17:17:33,014] INFO - Message compiled: 
Уважаемый клиент АО «Авантел»!
<br>
<br>Информируем Вас, что <b>28.05.2021</b> г. в период с <b>08:00</b> до <b>09:00</b> (мск)
будут проведены планово-профилактические работы.
<br>
<br>Работы будут сопровождаться перерывом услуг связи продолжительностью до <b>60</b> минут в указанном интервале
предоставляемых по адресу: г. Санкт-Петербург, ул. Салова 53
<br>
<br>По всем возникающим вопросам Вы можете обратиться в круглосуточную службу технической поддержки компании АО «Авантел» по тел: 8 (812) 4016003  или написать письмо на адрес support@spb.avantel.ru
<br>
<br><font color="#757575">-- 
<br>С уважением,
<br>инженер технической поддержки
<br>___________________________________
<br>АО «АВАНТЕЛ»
<br>Санкт-Петербург, Белоостровская ул., 6
<br>тел.: +7 812 401-60-00
<br>www.avantel.ru</font>
[2021-05-26 17:17:33,118] INFO - email sent to amv@telecom-master.ru
[2021-05-26 17:17:33,137] INFO - email sent to office@tda-spb.ru
[2021-05-26 17:17:33,160] INFO - email sent to office@eurotechspb.com
[2021-05-26 17:17:33,226] INFO - email sent to mam@telecom-master.ru
[2021-05-26 17:17:33,247] INFO - email sent to sharapov@tehnocom.net
[2021-05-26 17:17:33,266] INFO - email sent to spb@vstarcam.ru
[2021-05-26 17:17:33,281] INFO - email sent to laa@telecom-master.ru
[2021-05-26 17:17:33,297] INFO - email sent to support@spb.avantel.ru
[2021-05-26 17:17:33,322] INFO - Message compiled: 
Уважаемый клиент АО «Авантел»!
<br>
<br>Информируем Вас, что <b>28.05.2021</b> г. в период с <b>08:00</b> до <b>09:00</b> (мск)
будут проведены планово-профилактические работы.
<br>
<br>Работы будут сопровождаться перерывом услуг связи продолжительностью до <b>60</b> минут в указанном интервале
предоставляемых по адресу: г. Санкт-Петербург, ул. Салова 47
<br>
<br>По всем возникающим вопросам Вы можете обратиться в круглосуточную службу технической поддержки компании АО «Авантел» по тел: 8 (812) 4016003  или написать письмо на адрес support@spb.avantel.ru
<br>
<br><font color="#757575">-- 
<br>С уважением,
<br>инженер технической поддержки
<br>___________________________________
<br>АО «АВАНТЕЛ»
<br>Санкт-Петербург, Белоостровская ул., 6
<br>тел.: +7 812 401-60-00
<br>www.avantel.ru</font>
[2021-05-26 17:17:33,339] INFO - email sent to sharapov@tehnocom.net
[2021-05-26 17:17:33,366] INFO - email sent to support@spb.avantel.ru
[2021-05-26 17:24:06,415] INFO - DEV_ARRR 10.60.254.14 ['10.60.254.4']
[2021-05-26 17:24:06,622] INFO - DEV_ARRR 10.60.254.10 ['10.60.254.4', '10.60.254.14']
[2021-05-26 17:24:14,689] ERROR - Ошибка в функции client_notification_get_emails 10.60.254.10: cannot unpack non-iterable NoneType object
[2021-05-26 17:24:14,731] ERROR - Ошибка в функции get_address_zabbix_host string indices must be integers
