[2021-07-26 15:30:40,231] INFO - Data to work with: {'addr_d': {'г. Санкт-Петербург, пр-т Невский, 10': {'id': '0', 'name': 'Nevsk10-as1', 'all_emails': 'alexander.ulanov@perfectart.com, dmitry.ganin@perfectart.com, roman.kharevsky@perfectart.com'}}, 'text_vars': {'subject': 'Уведомление о плановых работах на сети АО «Авантел»', 'time_date': '28.07.2021', 'time_start': '09:00', 'time_end': '09:30', 'time_span': '15'}, 'hostids': ['11513']}
[2021-07-26 15:30:40,233] INFO - Corrected subject: Уведомление о плановых работах на сети АО «Авантел»
[2021-07-26 15:30:40,235] INFO - Message compiled: 
Уважаемый клиент АО «Авантел»!
<br>
<br>Информируем Вас, что <b>28.07.2021</b> г. в период с <b>09:00</b> до <b>09:30</b> (мск)
будут проведены планово-профилактические работы.
<br>
<br>Работы будут сопровождаться перерывом услуг связи продолжительностью до <b>15</b> минут в указанном интервале
предоставляемых по адресу: г. Санкт-Петербург, пр-т Невский, 10
<br>
<br>По всем возникающим вопросам Вы можете обратиться в круглосуточную службу технической поддержки компании АО «Авантел» по тел: 8 (812) 4016003  или написать письмо на адрес support@spb.avantel.ru
<br>
<br><font color="#757575">-- 
<br>С уважением,
<br>инженер технической поддержки
<br>___________________________________
<br>АО «АВАНТЕЛ»
<br>Санкт-Петербург, Белоостровская ул., 6
<br>тел.: +7 812 401-60-00
<br>www.avantel.ru</font>
[2021-07-26 15:30:40,319] INFO - email sent to alexander.ulanov@perfectart.com
[2021-07-26 15:30:40,340] INFO - email sent to dmitry.ganin@perfectart.com
[2021-07-26 15:30:40,363] INFO - email sent to roman.kharevsky@perfectart.com
[2021-07-26 15:30:40,382] INFO - email sent to support@spb.avantel.ru
