[2021-08-11 14:52:56,832] INFO - Data to work with: {'addr_d': {'г. Санкт-Петербург, ул. Седова, 10': {'id': '0', 'name': 'Sedova10-as2', 'all_emails': 'support@primecom.spb.ru, lubricants@neooil.ru, gupdo@mail.ru'}}, 'text_vars': {'subject': 'Уведомление о плановых работах на сети АО «Авантел»', 'time_date': '19.08.2021', 'time_start': '08:00', 'time_end': '09:00', 'time_span': '10'}, 'hostids': ['10928', '11504', '11505', '11506']}
[2021-08-11 14:52:56,833] INFO - Corrected subject: Уведомление о плановых работах на сети АО «Авантел»
[2021-08-11 14:52:56,837] INFO - Message compiled: 
Уважаемый клиент АО «Авантел»!
<br>
<br>Информируем Вас, что <b>19.08.2021</b> г. в период с <b>08:00</b> до <b>09:00</b> (мск)
будут проведены планово-профилактические работы.
<br>
<br>Работы будут сопровождаться перерывом услуг связи продолжительностью до <b>10</b> минут в указанном интервале
предоставляемых по адресу: г. Санкт-Петербург, ул. Седова, 10
<br>
<br>По всем возникающим вопросам Вы можете обратиться в круглосуточную службу технической поддержки компании АО «Авантел» по тел: 8 (812) 4016003  или написать письмо на адрес support@spb.avantel.ru
<br>
<br><font color="#757575">-- 
<br>С уважением,
<br>инженер технической поддержки
<br>___________________________________
<br>АО «АВАНТЕЛ»
<br>Санкт-Петербург, Белоостровская ул., 6
<br>тел.: +7 812 401-60-00
<br>www.avantel.ru</font>
[2021-08-11 14:52:56,868] INFO - email sent to support@primecom.spb.ru
[2021-08-11 14:52:56,891] INFO - email sent to lubricants@neooil.ru
[2021-08-11 14:52:56,912] INFO - email sent to gupdo@mail.ru
[2021-08-11 14:52:56,939] INFO - email sent to support@spb.avantel.ru
[2021-08-12 10:40:03,626] INFO - GOT FORM {'mail_send': '10.60.253.176', '10.60.253.176_address_fld': 'г. Санкт-Петербург, пер. 6-й Верхний, 12', '10.60.253.183_address_fld': 'г. Санкт-Петербург, пер. 6-й Верхний, 12', 'subject': 'Уведомление о плановых работах на сети АО «Авантел»', 'time_date': '2021-08-13', 'time_start_hr': '09', 'time_start_min': '00', 'time_end_hr': '10', 'time_end_min': '00', 'time_span': '10', 'client_notification_confirm_GOETdVh7': 'Далее'}
[2021-08-12 10:40:03,629] INFO - CHECKED: ['10.60.253.176', '10.60.253.183']
[2021-08-12 10:40:03,647] INFO - UPD REQ: update web_utils_session set storage = '{"addr_d": {"г. Санкт-Петербург, пер. 6-й Верхний, 12": {"id": "0", "name": "6Verhniy12b-as2, 6Verhniy12b-as3", "all_emails": "it@pompa.ru, cruiser@raffabric.ru, elena.lupacheva@wuerth.spb.ru, a.nikanorov@eurocolorit.ru, sp@shveinic.ru, voronezv@gmail.com, ya.starikov@gmail.com"}}, "text_vars": {"subject": "Уведомление о плановых работах на сети АО «Авантел»", "time_date": "13.08.2021", "time_start": "09:00", "time_end": "10:00", "time_span": "10"}, "hostids": ["11938", "11853"]}' where sid = 'GOETdVh7';
[2021-08-12 10:40:03,674] INFO - ADDR DICT {'г. Санкт-Петербург, пер. 6-й Верхний, 12': {'id': '0', 'name': '6Verhniy12b-as2, 6Verhniy12b-as3', 'all_emails': 'it@pompa.ru, cruiser@raffabric.ru, elena.lupacheva@wuerth.spb.ru, a.nikanorov@eurocolorit.ru, sp@shveinic.ru, voronezv@gmail.com, ya.starikov@gmail.com'}}
[2021-08-12 10:40:10,882] INFO - Data to work with: {'addr_d': {'г. Санкт-Петербург, пер. 6-й Верхний, 12': {'id': '0', 'name': '6Verhniy12b-as2, 6Verhniy12b-as3', 'all_emails': 'it@pompa.ru, cruiser@raffabric.ru, elena.lupacheva@wuerth.spb.ru, a.nikanorov@eurocolorit.ru, sp@shveinic.ru, voronezv@gmail.com, ya.starikov@gmail.com'}}, 'text_vars': {'subject': 'Уведомление о плановых работах на сети АО «Авантел»', 'time_date': '13.08.2021', 'time_start': '09:00', 'time_end': '10:00', 'time_span': '10'}, 'hostids': ['11938', '11853']}
[2021-08-12 10:40:10,883] INFO - Corrected subject: Уведомление о плановых работах на сети АО «Авантел»
[2021-08-12 10:40:10,885] INFO - Message compiled: 
Уважаемый клиент АО «Авантел»!
<br>
<br>Информируем Вас, что <b>13.08.2021</b> г. в период с <b>09:00</b> до <b>10:00</b> (мск)
будут проведены планово-профилактические работы.
<br>
<br>Работы будут сопровождаться перерывом услуг связи продолжительностью до <b>10</b> минут в указанном интервале
предоставляемых по адресу: г. Санкт-Петербург, пер. 6-й Верхний, 12
<br>
<br>По всем возникающим вопросам Вы можете обратиться в круглосуточную службу технической поддержки компании АО «Авантел» по тел: 8 (812) 4016003  или написать письмо на адрес support@spb.avantel.ru
<br>
<br><font color="#757575">-- 
<br>С уважением,
<br>инженер технической поддержки
<br>___________________________________
<br>АО «АВАНТЕЛ»
<br>Санкт-Петербург, Белоостровская ул., 6
<br>тел.: +7 812 401-60-00
<br>www.avantel.ru</font>
[2021-08-12 10:40:10,934] INFO - email sent to it@pompa.ru
[2021-08-12 10:40:11,002] INFO - email sent to cruiser@raffabric.ru
[2021-08-12 10:40:11,114] INFO - email sent to elena.lupacheva@wuerth.spb.ru
[2021-08-12 10:40:11,173] INFO - email sent to a.nikanorov@eurocolorit.ru
[2021-08-12 10:40:11,198] INFO - email sent to sp@shveinic.ru
[2021-08-12 10:40:11,276] INFO - email sent to voronezv@gmail.com
[2021-08-12 10:40:11,297] INFO - email sent to ya.starikov@gmail.com
[2021-08-12 10:40:11,329] INFO - email sent to support@spb.avantel.ru
[2021-08-16 17:15:56,999] INFO - {'10.60.236.77': {'name': 'BMosk1-as1', 'ip': '10.60.236.77', 'host_id': '10447', 'address': '', 'uplink': '', 'cont_num': 9, 'unrecognized': '', 'alive': 1, 'contracts': {'0120-18': 'sd@mobileup.ru', '0326-21': 'support@miestilo.ru, shaim65@yandex.ru, support@miestilo.ru ', '0260-16': 'spv289@gmail.com', '0328-21': 'support@miestilo.ru, shaim65@yandex.ru,  \tsupport@miestilo.ru', '0329-21': '7855228@gmail.com, 7485601@gmail.com', '0330-21': 'zsh.amsterdam@mail.ru, ot-klik@mail.ru', '0333-21': 'dmitry@code-pilots.ru', '0360-21': 'lawyer@garpix.com,  awyer@garpix.com ', '0341-21': 'events@vesperfin.ru, events@vesperfin.com'}}}
[2021-08-16 17:15:57,200] INFO - Turned on inventory for BMosk1-as1
[2021-08-16 17:20:47,648] INFO - GOT FORM {'mail_send': '10.60.236.77', '10.60.236.77_address_fld': 'г. Санкт-Петербург, ул. Большая Московская, 1', 'subject': 'Уведомление о плановых работах на сети АО «Авантел»', 'time_date': '2021-08-19', 'time_start_hr': '10', 'time_start_min': '00', 'time_end_hr': '11', 'time_end_min': '00', 'time_span': '45', 'client_notification_confirm_KP2RPrZi': 'Далее'}
[2021-08-16 17:20:47,652] INFO - CHECKED: ['10.60.236.77']
