[2021-08-11 16:30:09,692] INFO - Data to work with: {'addr_d': {'г. Санкт-Петербург, пер. 6-й Верхний, 12': {'id': '0', 'name': '6Verhniy12b-as2, 6Verhniy12b-as3', 'all_emails': 'it@pompa.ru, cruiser@raffabric.ru, elena.lupacheva@wuerth.spb.ru, a.nikanorov@eurocolorit.ru, sp@shveinic.ru, voronezv@gmail.com, ya.starikov@gmail.com'}}, 'text_vars': {'subject': 'Уведомление о плановых работах на сети АО «Авантел»', 'time_date': '13.08.2021', 'time_start': '08:00', 'time_end': '09:00', 'time_span': '10'}, 'hostids': ['11938', '11853']}
[2021-08-11 16:30:09,694] INFO - Corrected subject: Уведомление о плановых работах на сети АО «Авантел»
[2021-08-11 16:30:09,702] INFO - Message compiled: 
Уважаемый клиент АО «Авантел»!
<br>
<br>Информируем Вас, что <b>13.08.2021</b> г. в период с <b>08:00</b> до <b>09:00</b> (мск)
будут проведены планово-профилактические работы.
<br>
<br>Работы будут сопровождаться перерывом услуг связи продолжительностью до <b>10</b> минут в указанном интервале
предоставляемых по адресу: г. Санкт-Петербург, пер. 6-й Верхний, 12
<br>
<br>По всем возникающим вопросам Вы можете обратиться в круглосуточную службу технической поддержки компании АО «Авантел» по тел: 8 (812) 4016003  или написать письмо на адрес support@spb.avantel.ru
<br>
<br><font color="#757575">-- 
<br>С уважением,
<br>инженер технической поддержки
<br>___________________________________
<br>АО «АВАНТЕЛ»
<br>Санкт-Петербург, Белоостровская ул., 6
<br>тел.: +7 812 401-60-00
<br>www.avantel.ru</font>
[2021-08-11 16:30:09,737] INFO - email sent to it@pompa.ru
[2021-08-11 16:30:09,757] INFO - email sent to cruiser@raffabric.ru
[2021-08-11 16:30:09,776] INFO - email sent to elena.lupacheva@wuerth.spb.ru
[2021-08-11 16:30:09,852] INFO - email sent to a.nikanorov@eurocolorit.ru
[2021-08-11 16:30:09,874] INFO - email sent to sp@shveinic.ru
[2021-08-11 16:30:09,897] INFO - email sent to voronezv@gmail.com
[2021-08-11 16:30:09,920] INFO - email sent to ya.starikov@gmail.com
[2021-08-11 16:30:09,945] INFO - email sent to support@spb.avantel.ru
