[2021-09-10 17:11:42,887] INFO - Data to work with: {'addr_d': {'г. Санкт-Петербург, ул. Репищева, 20': {'id': '0', 'name': 'Repisch20-as2', 'all_emails': 'vladgaff@gmail.com'}, 'г. Санкт-Петербург, ул. Маршала Новикова, 28': {'id': '1', 'name': 'MNovik28-as1', 'all_emails': 'rae@bsspharm.ru, kpa@bsspharm.ru, opr.fin2@bsspharm.ru, veselova.anastasiya@bsspharm.ru, s.kruglov@aloea.ru, sedova.yulia@bsspharm.ru'}, 'г. Санкт-Петербург, ул. Маршала Новикова, 36': {'id': '1', 'name': 'MNovik36-as1', 'all_emails': 'koos@listmet.ru'}, 'г. Санкт-Петербург, пр-д Макулатурный, 3 лит. В': {'id': '1', 'name': 'Makul3v-as1', 'all_emails': 'office@tdemir.ru'}, 'г. Санкт-Петербург, пр-т Коломяжский, 27а': {'id': '1', 'name': 'Kolomyag27-as2', 'all_emails': 'a.samykina@etscorp.ru'}}, 'text_vars': {'subject': 'Уведомление о плановых работах на сети АО «Авантел»', 'time_date': '13.09.2021', 'time_start': '09:00', 'time_end': '09:30', 'time_span': '5'}, 'hostids': ['10757', '10623', '12061', '12069', '12067', '12158']}
[2021-09-10 17:11:42,889] INFO - Corrected subject: Уведомление о плановых работах на сети АО «Авантел»
[2021-09-10 17:11:42,898] INFO - Message compiled: 
Уважаемый клиент АО «Авантел»!
<br>
<br>Информируем Вас, что <b>13.09.2021</b> г. в период с <b>09:00</b> до <b>09:30</b> (мск)
будут проведены работы на сети.
<br>
<br>Работы будут сопровождаться перерывом услуг связи продолжительностью до <b>5</b> минут в указанном интервале
предоставляемых по адресу: г. Санкт-Петербург, ул. Репищева, 20
<br>
<br>По всем возникающим вопросам Вы можете обратиться в круглосуточную службу технической поддержки компании АО «Авантел» по тел: 8 (812) 4016003  или написать письмо на адрес support@spb.avantel.ru
<br>
<br><font color="#757575">-- 
<br>С уважением,
<br>инженер технической поддержки
<br>___________________________________
<br>АО «АВАНТЕЛ»
<br>Санкт-Петербург, Белоостровская ул., 6
<br>тел.: +7 812 401-60-00
<br>www.avantel.ru</font>
[2021-09-10 17:11:43,009] INFO - email sent to vladgaff@gmail.com
[2021-09-10 17:11:43,035] INFO - email sent to support@spb.avantel.ru
[2021-09-10 17:11:43,057] INFO - Message compiled: 
Уважаемый клиент АО «Авантел»!
<br>
<br>Информируем Вас, что <b>13.09.2021</b> г. в период с <b>09:00</b> до <b>09:30</b> (мск)
будут проведены работы на сети.
<br>
<br>Работы будут сопровождаться перерывом услуг связи продолжительностью до <b>5</b> минут в указанном интервале
предоставляемых по адресу: г. Санкт-Петербург, ул. Маршала Новикова, 28
<br>
<br>По всем возникающим вопросам Вы можете обратиться в круглосуточную службу технической поддержки компании АО «Авантел» по тел: 8 (812) 4016003  или написать письмо на адрес support@spb.avantel.ru
<br>
<br><font color="#757575">-- 
<br>С уважением,
<br>инженер технической поддержки
<br>___________________________________
<br>АО «АВАНТЕЛ»
<br>Санкт-Петербург, Белоостровская ул., 6
<br>тел.: +7 812 401-60-00
<br>www.avantel.ru</font>
[2021-09-10 17:11:43,105] INFO - email sent to rae@bsspharm.ru
[2021-09-10 17:11:43,138] INFO - email sent to kpa@bsspharm.ru
[2021-09-10 17:11:43,210] INFO - email sent to opr.fin2@bsspharm.ru
[2021-09-10 17:11:43,227] INFO - email sent to veselova.anastasiya@bsspharm.ru
[2021-09-10 17:11:43,246] INFO - email sent to s.kruglov@aloea.ru
[2021-09-10 17:11:43,263] INFO - email sent to sedova.yulia@bsspharm.ru
[2021-09-10 17:11:43,284] INFO - email sent to support@spb.avantel.ru
[2021-09-10 17:11:43,360] INFO - Message compiled: 
Уважаемый клиент АО «Авантел»!
<br>
<br>Информируем Вас, что <b>13.09.2021</b> г. в период с <b>09:00</b> до <b>09:30</b> (мск)
будут проведены работы на сети.
<br>
<br>Работы будут сопровождаться перерывом услуг связи продолжительностью до <b>5</b> минут в указанном интервале
предоставляемых по адресу: г. Санкт-Петербург, ул. Маршала Новикова, 36
<br>
<br>По всем возникающим вопросам Вы можете обратиться в круглосуточную службу технической поддержки компании АО «Авантел» по тел: 8 (812) 4016003  или написать письмо на адрес support@spb.avantel.ru
<br>
<br><font color="#757575">-- 
<br>С уважением,
<br>инженер технической поддержки
<br>___________________________________
<br>АО «АВАНТЕЛ»
<br>Санкт-Петербург, Белоостровская ул., 6
<br>тел.: +7 812 401-60-00
<br>www.avantel.ru</font>
[2021-09-10 17:11:43,384] INFO - email sent to koos@listmet.ru
[2021-09-10 17:11:43,404] INFO - email sent to support@spb.avantel.ru
[2021-09-10 17:11:43,486] INFO - Message compiled: 
Уважаемый клиент АО «Авантел»!
<br>
<br>Информируем Вас, что <b>13.09.2021</b> г. в период с <b>09:00</b> до <b>09:30</b> (мск)
будут проведены работы на сети.
<br>
<br>Работы будут сопровождаться перерывом услуг связи продолжительностью до <b>5</b> минут в указанном интервале
предоставляемых по адресу: г. Санкт-Петербург, пр-д Макулатурный, 3 лит. В
<br>
<br>По всем возникающим вопросам Вы можете обратиться в круглосуточную службу технической поддержки компании АО «Авантел» по тел: 8 (812) 4016003  или написать письмо на адрес support@spb.avantel.ru
<br>
<br><font color="#757575">-- 
<br>С уважением,
<br>инженер технической поддержки
<br>___________________________________
<br>АО «АВАНТЕЛ»
<br>Санкт-Петербург, Белоостровская ул., 6
<br>тел.: +7 812 401-60-00
<br>www.avantel.ru</font>
[2021-09-10 17:11:43,516] INFO - email sent to office@tdemir.ru
[2021-09-10 17:11:43,541] INFO - email sent to support@spb.avantel.ru
[2021-09-10 17:11:43,556] INFO - Message compiled: 
Уважаемый клиент АО «Авантел»!
<br>
<br>Информируем Вас, что <b>13.09.2021</b> г. в период с <b>09:00</b> до <b>09:30</b> (мск)
будут проведены работы на сети.
<br>
<br>Работы будут сопровождаться перерывом услуг связи продолжительностью до <b>5</b> минут в указанном интервале
предоставляемых по адресу: г. Санкт-Петербург, пр-т Коломяжский, 27а
<br>
<br>По всем возникающим вопросам Вы можете обратиться в круглосуточную службу технической поддержки компании АО «Авантел» по тел: 8 (812) 4016003  или написать письмо на адрес support@spb.avantel.ru
<br>
<br><font color="#757575">-- 
<br>С уважением,
<br>инженер технической поддержки
<br>___________________________________
<br>АО «АВАНТЕЛ»
<br>Санкт-Петербург, Белоостровская ул., 6
<br>тел.: +7 812 401-60-00
<br>www.avantel.ru</font>
[2021-09-10 17:11:43,588] INFO - email sent to a.samykina@etscorp.ru
[2021-09-10 17:11:43,615] INFO - email sent to support@spb.avantel.ru
[2021-09-20 14:25:12,050] INFO - DEV_ARRR 10.60.242.4 ['10.60.245.177']
[2021-09-20 14:25:24,087] INFO - {'10.60.245.177': {'name': 'BMor18-ds4', 'ip': '10.60.245.177', 'host_id': '11917', 'address': '', 'uplink': '', 'cont_num': 1, 'unrecognized': '899956_AvanMSK-Beliton, BM18-WiFi, SKAT-eth0, SMG-Gazprom, L2-Gazprom-10Krasnoarm22, SMG2016, ISP_YouOnline_Trunk, Quantum (ptl.ru), Beeline, ISP_RedStar_Trunk, ISP_ERTelecom/Interzet/Westcall_Trunk, ChaykaTelecom-QnQ-to-MSK, IPTV-Mediaoperator, SumTel, Teleport, ISP_Megafon_Trunk, Comlink Telecom (cmk.ru), ===SFP-tx1310_3km===', 'alive': 1, 'contracts': {'': ''}}, '10.60.242.4': {'name': 'Liteyniy4-as1', 'ip': '10.60.242.4', 'host_id': '12162', 'address': '', 'uplink': 'BMor18-ds4', 'cont_num': 1, 'unrecognized': [], 'alive': 0, 'contracts': {'': ''}}}
[2021-09-20 14:25:24,244] INFO - Turned on inventory for Liteyniy4-as1
[2021-09-20 14:25:24,280] INFO - contract_dict: {'10.60.245.177': {'name': 'BMor18-ds4', 'ip': '10.60.245.177', 'host_id': '11917', 'address': '', 'uplink': '', 'cont_num': 1, 'unrecognized': '899956_AvanMSK-Beliton, BM18-WiFi, SKAT-eth0, SMG-Gazprom, L2-Gazprom-10Krasnoarm22, SMG2016, ISP_YouOnline_Trunk, Quantum (ptl.ru), Beeline, ISP_RedStar_Trunk, ISP_ERTelecom/Interzet/Westcall_Trunk, ChaykaTelecom-QnQ-to-MSK, IPTV-Mediaoperator, SumTel, Teleport, ISP_Megafon_Trunk, Comlink Telecom (cmk.ru), ===SFP-tx1310_3km===', 'alive': 1, 'contracts': {'': ''}, 'hostid': '11917', 'inventory': '1'}, '10.60.242.4': {'name': 'Liteyniy4-as1', 'ip': '10.60.242.4', 'host_id': '12162', 'address': '', 'uplink': 'BMor18-ds4', 'cont_num': 1, 'unrecognized': [], 'alive': 0, 'contracts': {'': ''}, 'hostid': '12162', 'inventory': '0'}}
[2021-09-20 14:25:58,378] INFO - DEV_ARRR 10.60.242.4 ['10.60.245.177']
[2021-09-20 14:26:10,415] INFO - {'10.60.245.177': {'name': 'BMor18-ds4', 'ip': '10.60.245.177', 'host_id': '11917', 'address': '', 'uplink': '', 'cont_num': 1, 'unrecognized': '899956_AvanMSK-Beliton, BM18-WiFi, SKAT-eth0, SMG-Gazprom, L2-Gazprom-10Krasnoarm22, SMG2016, ISP_YouOnline_Trunk, Quantum (ptl.ru), Beeline, ISP_RedStar_Trunk, ISP_ERTelecom/Interzet/Westcall_Trunk, ChaykaTelecom-QnQ-to-MSK, IPTV-Mediaoperator, SumTel, Teleport, ISP_Megafon_Trunk, Comlink Telecom (cmk.ru), ===SFP-tx1310_3km===', 'alive': 1, 'contracts': {'': ''}}, '10.60.242.4': {'name': 'Liteyniy4-as1', 'ip': '10.60.242.4', 'host_id': '12162', 'address': '', 'uplink': 'BMor18-ds4', 'cont_num': 1, 'unrecognized': [], 'alive': 0, 'contracts': {'': ''}}}
[2021-09-20 14:26:10,560] INFO - contract_dict: {'10.60.245.177': {'name': 'BMor18-ds4', 'ip': '10.60.245.177', 'host_id': '11917', 'address': '', 'uplink': '', 'cont_num': 1, 'unrecognized': '899956_AvanMSK-Beliton, BM18-WiFi, SKAT-eth0, SMG-Gazprom, L2-Gazprom-10Krasnoarm22, SMG2016, ISP_YouOnline_Trunk, Quantum (ptl.ru), Beeline, ISP_RedStar_Trunk, ISP_ERTelecom/Interzet/Westcall_Trunk, ChaykaTelecom-QnQ-to-MSK, IPTV-Mediaoperator, SumTel, Teleport, ISP_Megafon_Trunk, Comlink Telecom (cmk.ru), ===SFP-tx1310_3km===', 'alive': 1, 'contracts': {'': ''}, 'hostid': '11917', 'inventory': '1'}, '10.60.242.4': {'name': 'Liteyniy4-as1', 'ip': '10.60.242.4', 'host_id': '12162', 'address': 'г. Санкт-Петербург, ул. Салова 53', 'uplink': 'BMor18-ds4', 'cont_num': 1, 'unrecognized': [], 'alive': 0, 'contracts': {'': ''}, 'hostid': '12162', 'inventory': '1'}}
[2021-09-20 14:27:13,558] INFO - {'10.60.241.229': {'name': 'Nauki19-as1', 'ip': '10.60.241.229', 'host_id': '10415', 'address': '', 'uplink': '', 'cont_num': 1, 'unrecognized': '', 'alive': 1, 'contracts': {'0169-16': 'nataly.828@mail.ru, pk-post@yandex.ru'}}}
[2021-09-20 14:27:13,668] INFO - Turned on inventory for Nauki19-as1
[2021-09-20 14:27:13,704] INFO - contract_dict: {'10.60.241.229': {'name': 'Nauki19-as1', 'ip': '10.60.241.229', 'host_id': '10415', 'address': '', 'uplink': '', 'cont_num': 1, 'unrecognized': '', 'alive': 1, 'contracts': {'0169-16': 'nataly.828@mail.ru, pk-post@yandex.ru'}, 'hostid': '10415', 'inventory': '-1'}}
