[2021-09-27 21:19:48,705] INFO - Data to work with: {'addr_d': {'Санкт-Петербург, ул. Домостроительная, 3': {'id': '0', 'name': 'Domostroit3-as1', 'all_emails': 'den.melikson@mail.ru, elyak@severgorod.com, sevsrtrans@mail.ru, vishniveckiy@ochp.ru, aralina@ochp.ru, faba@list.ru, d.nikonov@vozovoz.ru, info@wilgroup.ru, aralina@npk-kanzler.ru, uslav@yandex.ru, ivanova@pac-sto.ru, it@valmax.by, zaytseva@severgorod.com, p.tolpa@vozovoz.ru, romanova@pac-sto.ru, info@faba78.ru, mail@mdparts.ru'}, 'Санкт-Петербург, пер. 6-й Верхний, 12а': {'id': '1', 'name': '6Verhniy12a-as1', 'all_emails': 'rtvolga@gmail.com'}, 'Санкт-Петербург, пр-т Энгельса, 160': {'id': '1', 'name': 'Engelsa160-as1', 'all_emails': 'smirnova_la@etm.ru, denisov_ea@etm.ru, edenisov@etm.ru, kovaleva_jv@etm.ru, nmakusheva@etm.ru, nemtenkova_em@etm.ru, sgvbt@etm.ru, amihaylov@nsk.etm.ru, edenisov@spb.etm.ru, etrufanov@etm.ru, khodzhaev_ak@etm.ru'}}, 'text_vars': {'subject': 'Уведомление о плановых работах на сети АО «Авантел»', 'time_date': '29.09.2021', 'time_start': '17:45', 'time_end': '18:15', 'time_span': '10'}, 'hostids': ['11936', '10291', '10498']}
[2021-09-27 21:19:48,706] INFO - Corrected subject: Уведомление о плановых работах на сети АО «Авантел»
[2021-09-27 21:19:48,723] INFO - Message compiled: 
Уважаемый клиент АО «Авантел»!
<br>
<br>Информируем Вас, что <b>29.09.2021</b> г. в период с <b>17:45</b> до <b>18:15</b> (мск)
будут проведены работы на сети.
<br>
<br>Работы будут сопровождаться перерывом услуг связи продолжительностью до <b>10</b> минут в указанном интервале
предоставляемых по адресу: Санкт-Петербург, ул. Домостроительная, 3
<br>
<br>По всем возникающим вопросам Вы можете обратиться в круглосуточную службу технической поддержки компании АО «Авантел» по тел: 8 (812) 4016003  или написать письмо на адрес support@spb.avantel.ru
<br>
<br><font color="#757575">-- 
<br>С уважением,
<br>инженер технической поддержки
<br>___________________________________
<br>АО «АВАНТЕЛ»
<br>Санкт-Петербург, Белоостровская ул., 6
<br>тел.: +7 812 401-60-00
<br>www.avantel.ru</font>
[2021-09-27 21:19:49,027] INFO - email sent to den.melikson@mail.ru
[2021-09-27 21:19:49,049] INFO - email sent to elyak@severgorod.com
[2021-09-27 21:19:49,066] INFO - email sent to sevsrtrans@mail.ru
[2021-09-27 21:19:49,084] INFO - email sent to vishniveckiy@ochp.ru
[2021-09-27 21:19:49,101] INFO - email sent to aralina@ochp.ru
[2021-09-27 21:19:49,118] INFO - email sent to faba@list.ru
[2021-09-27 21:19:49,176] INFO - email sent to d.nikonov@vozovoz.ru
[2021-09-27 21:19:49,196] INFO - email sent to info@wilgroup.ru
[2021-09-27 21:19:49,213] INFO - email sent to aralina@npk-kanzler.ru
[2021-09-27 21:19:49,227] INFO - email sent to uslav@yandex.ru
[2021-09-27 21:19:49,245] INFO - email sent to ivanova@pac-sto.ru
[2021-09-27 21:19:49,268] INFO - email sent to it@valmax.by
[2021-09-27 21:19:49,285] INFO - email sent to zaytseva@severgorod.com
[2021-09-27 21:19:49,301] INFO - email sent to p.tolpa@vozovoz.ru
[2021-09-27 21:19:49,318] INFO - email sent to romanova@pac-sto.ru
[2021-09-27 21:19:49,353] INFO - email sent to info@faba78.ru
[2021-09-27 21:19:49,373] INFO - email sent to mail@mdparts.ru
[2021-09-27 21:19:49,397] INFO - email sent to support@spb.avantel.ru
[2021-09-27 21:19:49,470] INFO - Message compiled: 
Уважаемый клиент АО «Авантел»!
<br>
<br>Информируем Вас, что <b>29.09.2021</b> г. в период с <b>17:45</b> до <b>18:15</b> (мск)
будут проведены работы на сети.
<br>
<br>Работы будут сопровождаться перерывом услуг связи продолжительностью до <b>10</b> минут в указанном интервале
предоставляемых по адресу: Санкт-Петербург, пер. 6-й Верхний, 12а
<br>
<br>По всем возникающим вопросам Вы можете обратиться в круглосуточную службу технической поддержки компании АО «Авантел» по тел: 8 (812) 4016003  или написать письмо на адрес support@spb.avantel.ru
<br>
<br><font color="#757575">-- 
<br>С уважением,
<br>инженер технической поддержки
<br>___________________________________
<br>АО «АВАНТЕЛ»
<br>Санкт-Петербург, Белоостровская ул., 6
<br>тел.: +7 812 401-60-00
<br>www.avantel.ru</font>
[2021-09-27 21:19:49,597] INFO - email sent to rtvolga@gmail.com
[2021-09-27 21:19:49,641] INFO - email sent to support@spb.avantel.ru
[2021-09-27 21:19:49,657] INFO - Message compiled: 
Уважаемый клиент АО «Авантел»!
<br>
<br>Информируем Вас, что <b>29.09.2021</b> г. в период с <b>17:45</b> до <b>18:15</b> (мск)
будут проведены работы на сети.
<br>
<br>Работы будут сопровождаться перерывом услуг связи продолжительностью до <b>10</b> минут в указанном интервале
предоставляемых по адресу: Санкт-Петербург, пр-т Энгельса, 160
<br>
<br>По всем возникающим вопросам Вы можете обратиться в круглосуточную службу технической поддержки компании АО «Авантел» по тел: 8 (812) 4016003  или написать письмо на адрес support@spb.avantel.ru
<br>
<br><font color="#757575">-- 
<br>С уважением,
<br>инженер технической поддержки
<br>___________________________________
<br>АО «АВАНТЕЛ»
<br>Санкт-Петербург, Белоостровская ул., 6
<br>тел.: +7 812 401-60-00
<br>www.avantel.ru</font>
[2021-09-27 21:19:49,679] INFO - email sent to smirnova_la@etm.ru
[2021-09-27 21:19:49,713] INFO - email sent to denisov_ea@etm.ru
[2021-09-27 21:19:49,788] INFO - email sent to edenisov@etm.ru
[2021-09-27 21:19:49,814] INFO - email sent to kovaleva_jv@etm.ru
[2021-09-27 21:19:49,835] INFO - email sent to nmakusheva@etm.ru
[2021-09-27 21:19:49,859] INFO - email sent to nemtenkova_em@etm.ru
[2021-09-27 21:19:49,882] INFO - email sent to sgvbt@etm.ru
[2021-09-27 21:19:49,913] INFO - email sent to amihaylov@nsk.etm.ru
[2021-09-27 21:19:49,943] INFO - email sent to edenisov@spb.etm.ru
[2021-09-27 21:19:49,966] INFO - email sent to etrufanov@etm.ru
[2021-09-27 21:19:50,116] INFO - email sent to khodzhaev_ak@etm.ru
[2021-09-27 21:19:50,133] INFO - email sent to support@spb.avantel.ru
