[2021-10-11 17:43:26,854] INFO - Data to work with: {'addr_d': {'г. Санкт-Петербург, пр-т Медиков, 9': {'id': '0', 'name': 'medikov3a-as2, Medikov9-as1, Medikov9-as2, Medikov9-as3, Medikov9-as5, Medikov9-as4', 'all_emails': 'info@fastologistic.ru, olegolegtr@gmail.com, info@mgsz.ru, zaicev1979@rambler.ru, afilippova@adv-solutions.org, oksana_k@grafitart.com, kolosov@spm-log.ru, shop@vikti.ru, kia@skatz.ru, inbox@rgs-info.ru, sa@tunatech.io, mail@skatz.ru, office@trinet.ru, fs@rgs-info.ru, buhg3.office@yandex.ru, info@project-pharm.ru, art_rout@mail.ru, job@moika78.ru, admin@r2e2.ru, ipolyakov@brusele.info, buhg.office@yandex.ru, igors@chipdip.ru, levboyko@gmail.com, buhg2.office@yandex.ru, tsay.al.vl@gmail.com'}, ' г. Санкт-Петербург, пр-т Аптекарский, 4/3 ': {'id': '1', 'name': 'Aptekar4k3-as1', 'all_emails': 'info@burtsevlab.com'}, 'г. Санкт-Петербург, ул. Профессора Попова, 4': {'id': '1', 'name': 'Popova4-as1', 'all_emails': 'lap@gmprint.ru, admin@gmprint.ru, buhgalter@gmprint.ru, ne@gmprint.ru'}, 'г. Санкт-Петербург, наб. реки Карповки, 5': {'id': '1', 'name': 'Karpovki5-as3, Karpovki5-as1', 'all_emails': 'info@sprintic.ru, mplobkov@unilogist.com, panovamv@vtblife.ru, bk@sprintic.ru, e.brovkina@handh.ru, remezova_m@list.ru, anri@admiral.ru, t.guseva@unilogist.com, remizova_m@list.ru, n.patyukova@unilogist.com, s.semenkov@unilogist.com'}, 'г. Санкт-Петербург, наб. реки Карповки, 7': {'id': '1', 'name': 'Karpovki7-as1', 'all_emails': 'info@egi.spb.ru, it@prk.spb.ru'}}, 'text_vars': {'subject': 'Уведомление о плановых работах на сети АО «Авантел»', 'time_date': '15.10.2021', 'time_start': '07:00', 'time_end': '07:30', 'time_span': '10'}, 'hostids': ['10634', '12159', '11886', '10748', '10548', '10546', '10635', '12197', '10636', '10637', '11526', '10638']}
[2021-10-11 17:43:26,856] INFO - Corrected subject: Уведомление о плановых работах на сети АО «Авантел»
[2021-10-11 17:43:26,858] INFO - Message compiled: 
Уважаемый клиент АО «Авантел»!
<br>
<br>Информируем Вас, что <b>15.10.2021</b> г. в период с <b>07:00</b> до <b>07:30</b> (мск)
будут проведены работы на сети.
<br>
<br>Работы будут сопровождаться перерывом услуг связи продолжительностью до <b>10</b> минут в указанном интервале
предоставляемых по адресу: г. Санкт-Петербург, пр-т Медиков, 9
<br>
<br>По всем возникающим вопросам Вы можете обратиться в круглосуточную службу технической поддержки компании АО «Авантел» по тел: 8 (812) 4016003  или написать письмо на адрес support@spb.avantel.ru
<br>
<br><font color="#757575">-- 
<br>С уважением,
<br>инженер технической поддержки
<br>___________________________________
<br>АО «АВАНТЕЛ»
<br>Санкт-Петербург, Белоостровская ул., 6
<br>тел.: +7 812 401-60-00
<br>www.avantel.ru</font>
[2021-10-11 17:43:26,908] INFO - email sent to info@fastologistic.ru
[2021-10-11 17:43:26,934] INFO - email sent to olegolegtr@gmail.com
[2021-10-11 17:43:26,960] INFO - email sent to info@mgsz.ru
[2021-10-11 17:43:26,986] INFO - email sent to zaicev1979@rambler.ru
[2021-10-11 17:43:27,011] INFO - email sent to afilippova@adv-solutions.org
[2021-10-11 17:43:27,031] INFO - email sent to oksana_k@grafitart.com
[2021-10-11 17:43:27,051] INFO - email sent to kolosov@spm-log.ru
[2021-10-11 17:43:27,077] INFO - email sent to shop@vikti.ru
[2021-10-11 17:43:27,097] INFO - email sent to kia@skatz.ru
[2021-10-11 17:43:27,118] INFO - email sent to inbox@rgs-info.ru
[2021-10-11 17:43:27,139] INFO - email sent to sa@tunatech.io
[2021-10-11 17:43:27,160] INFO - email sent to mail@skatz.ru
[2021-10-11 17:43:27,182] INFO - email sent to office@trinet.ru
[2021-10-11 17:43:27,210] INFO - email sent to fs@rgs-info.ru
[2021-10-11 17:43:27,234] INFO - email sent to buhg3.office@yandex.ru
[2021-10-11 17:43:27,264] INFO - email sent to info@project-pharm.ru
[2021-10-11 17:43:27,286] INFO - email sent to art_rout@mail.ru
[2021-10-11 17:43:27,310] INFO - email sent to job@moika78.ru
[2021-10-11 17:43:27,331] INFO - email sent to admin@r2e2.ru
[2021-10-11 17:43:27,364] INFO - email sent to ipolyakov@brusele.info
[2021-10-11 17:43:27,385] INFO - email sent to buhg.office@yandex.ru
[2021-10-11 17:43:27,411] INFO - email sent to igors@chipdip.ru
[2021-10-11 17:43:27,438] INFO - email sent to levboyko@gmail.com
[2021-10-11 17:43:27,463] INFO - email sent to buhg2.office@yandex.ru
[2021-10-11 17:43:27,485] INFO - email sent to tsay.al.vl@gmail.com
[2021-10-11 17:43:27,510] INFO - email sent to support@spb.avantel.ru
[2021-10-11 17:43:27,572] INFO - Message compiled: 
Уважаемый клиент АО «Авантел»!
<br>
<br>Информируем Вас, что <b>15.10.2021</b> г. в период с <b>07:00</b> до <b>07:30</b> (мск)
будут проведены работы на сети.
<br>
<br>Работы будут сопровождаться перерывом услуг связи продолжительностью до <b>10</b> минут в указанном интервале
предоставляемых по адресу:  г. Санкт-Петербург, пр-т Аптекарский, 4/3 
<br>
<br>По всем возникающим вопросам Вы можете обратиться в круглосуточную службу технической поддержки компании АО «Авантел» по тел: 8 (812) 4016003  или написать письмо на адрес support@spb.avantel.ru
<br>
<br><font color="#757575">-- 
<br>С уважением,
<br>инженер технической поддержки
<br>___________________________________
<br>АО «АВАНТЕЛ»
<br>Санкт-Петербург, Белоостровская ул., 6
<br>тел.: +7 812 401-60-00
<br>www.avantel.ru</font>
[2021-10-11 17:43:27,597] INFO - email sent to info@burtsevlab.com
[2021-10-11 17:43:27,619] INFO - email sent to support@spb.avantel.ru
[2021-10-11 17:43:27,700] INFO - Message compiled: 
Уважаемый клиент АО «Авантел»!
<br>
<br>Информируем Вас, что <b>15.10.2021</b> г. в период с <b>07:00</b> до <b>07:30</b> (мск)
будут проведены работы на сети.
<br>
<br>Работы будут сопровождаться перерывом услуг связи продолжительностью до <b>10</b> минут в указанном интервале
предоставляемых по адресу: г. Санкт-Петербург, ул. Профессора Попова, 4
<br>
<br>По всем возникающим вопросам Вы можете обратиться в круглосуточную службу технической поддержки компании АО «Авантел» по тел: 8 (812) 4016003  или написать письмо на адрес support@spb.avantel.ru
<br>
<br><font color="#757575">-- 
<br>С уважением,
<br>инженер технической поддержки
<br>___________________________________
<br>АО «АВАНТЕЛ»
<br>Санкт-Петербург, Белоостровская ул., 6
<br>тел.: +7 812 401-60-00
<br>www.avantel.ru</font>
[2021-10-11 17:43:27,729] INFO - email sent to lap@gmprint.ru
[2021-10-11 17:43:27,748] INFO - email sent to admin@gmprint.ru
[2021-10-11 17:43:27,768] INFO - email sent to buhgalter@gmprint.ru
[2021-10-11 17:43:27,793] INFO - email sent to ne@gmprint.ru
[2021-10-11 17:43:27,817] INFO - email sent to support@spb.avantel.ru
[2021-10-11 17:43:27,835] INFO - Message compiled: 
Уважаемый клиент АО «Авантел»!
<br>
<br>Информируем Вас, что <b>15.10.2021</b> г. в период с <b>07:00</b> до <b>07:30</b> (мск)
будут проведены работы на сети.
<br>
<br>Работы будут сопровождаться перерывом услуг связи продолжительностью до <b>10</b> минут в указанном интервале
предоставляемых по адресу: г. Санкт-Петербург, наб. реки Карповки, 5
<br>
<br>По всем возникающим вопросам Вы можете обратиться в круглосуточную службу технической поддержки компании АО «Авантел» по тел: 8 (812) 4016003  или написать письмо на адрес support@spb.avantel.ru
<br>
<br><font color="#757575">-- 
<br>С уважением,
<br>инженер технической поддержки
<br>___________________________________
<br>АО «АВАНТЕЛ»
<br>Санкт-Петербург, Белоостровская ул., 6
<br>тел.: +7 812 401-60-00
<br>www.avantel.ru</font>
[2021-10-11 17:43:27,886] INFO - email sent to info@sprintic.ru
[2021-10-11 17:43:27,915] INFO - email sent to mplobkov@unilogist.com
[2021-10-11 17:43:27,937] INFO - email sent to panovamv@vtblife.ru
[2021-10-11 17:43:27,957] INFO - email sent to bk@sprintic.ru
[2021-10-11 17:43:27,975] INFO - email sent to e.brovkina@handh.ru
[2021-10-11 17:43:28,005] INFO - email sent to remezova_m@list.ru
[2021-10-11 17:43:28,025] INFO - email sent to anri@admiral.ru
[2021-10-11 17:43:28,049] INFO - email sent to t.guseva@unilogist.com
[2021-10-11 17:43:28,077] INFO - email sent to remizova_m@list.ru
[2021-10-11 17:43:28,098] INFO - email sent to n.patyukova@unilogist.com
[2021-10-11 17:43:28,127] INFO - email sent to s.semenkov@unilogist.com
[2021-10-11 17:43:28,150] INFO - email sent to support@spb.avantel.ru
[2021-10-11 17:43:28,918] INFO - Message compiled: 
Уважаемый клиент АО «Авантел»!
<br>
<br>Информируем Вас, что <b>15.10.2021</b> г. в период с <b>07:00</b> до <b>07:30</b> (мск)
будут проведены работы на сети.
<br>
<br>Работы будут сопровождаться перерывом услуг связи продолжительностью до <b>10</b> минут в указанном интервале
предоставляемых по адресу: г. Санкт-Петербург, наб. реки Карповки, 7
<br>
<br>По всем возникающим вопросам Вы можете обратиться в круглосуточную службу технической поддержки компании АО «Авантел» по тел: 8 (812) 4016003  или написать письмо на адрес support@spb.avantel.ru
<br>
<br><font color="#757575">-- 
<br>С уважением,
<br>инженер технической поддержки
<br>___________________________________
<br>АО «АВАНТЕЛ»
<br>Санкт-Петербург, Белоостровская ул., 6
<br>тел.: +7 812 401-60-00
<br>www.avantel.ru</font>
[2021-10-11 17:43:28,939] INFO - email sent to info@egi.spb.ru
[2021-10-11 17:43:28,959] INFO - email sent to it@prk.spb.ru
[2021-10-11 17:43:28,995] INFO - email sent to support@spb.avantel.ru
