[2021-10-11 17:31:40,964] INFO - Data to work with: {'addr_d': {'г. Санкт-Петербург, ш. Пулковское, 56 к. 4': {'id': '0', 'name': 'Pulkov56k4-as1', 'all_emails': 'itbill@osgrm.ru, d.stasyuk@osgrm.ru, v.yushina@osgrm.ru'}}, 'text_vars': {'subject': 'Уведомление о плановых работах на сети АО «Авантел»', 'time_date': '14.10.2021', 'time_start': '11:00', 'time_end': '12:00', 'time_span': '60'}, 'hostids': ['11998']}
[2021-10-11 17:31:40,966] INFO - Corrected subject: Уведомление о плановых работах на сети АО «Авантел»
[2021-10-11 17:31:40,983] INFO - Message compiled: 
Уважаемый клиент АО «Авантел»!
<br>
<br>Информируем Вас, что <b>14.10.2021</b> г. в период с <b>11:00</b> до <b>12:00</b> (мск)
будут проведены работы на сети.
<br>
<br>Работы будут сопровождаться перерывом услуг связи продолжительностью до <b>60</b> минут в указанном интервале
предоставляемых по адресу: г. Санкт-Петербург, ш. Пулковское, 56 к. 4
<br>
<br>По всем возникающим вопросам Вы можете обратиться в круглосуточную службу технической поддержки компании АО «Авантел» по тел: 8 (812) 4016003  или написать письмо на адрес support@spb.avantel.ru
<br>
<br><font color="#757575">-- 
<br>С уважением,
<br>инженер технической поддержки
<br>___________________________________
<br>АО «АВАНТЕЛ»
<br>Санкт-Петербург, Белоостровская ул., 6
<br>тел.: +7 812 401-60-00
<br>www.avantel.ru</font>
[2021-10-11 17:31:41,044] INFO - email sent to itbill@osgrm.ru
[2021-10-11 17:31:41,070] INFO - email sent to d.stasyuk@osgrm.ru
[2021-10-11 17:31:41,098] INFO - email sent to v.yushina@osgrm.ru
[2021-10-11 17:31:41,125] INFO - email sent to support@spb.avantel.ru
