[2021-10-05 16:20:16,842] INFO - Data to work with: {'addr_d': {'г. Санкт-Петербург, пер. 6-й Верхний, 12': {'id': '0', 'name': '6Verhniy12b-as2, 6Verhniy12b-as3', 'all_emails': 'it@pompa.ru, voronezv@gmail.com, cruiser@raffabric.ru, ya.starikov@gmail.com, sp@shveinic.ru, a.nikanorov@eurocolorit.ru, elena.lupacheva@wuerth.spb.ru'}, 'г. Санкт-Петербург, ул. Михаила Дудина, 17': {'id': '1', 'name': 'MDudina17-as1', 'all_emails': 'a.kondratev@lonmadi.ru'}}, 'text_vars': {'subject': 'Уведомление о плановых работах на сети АО «Авантел»', 'time_date': '07.10.2021', 'time_start': '08:45', 'time_end': '09:30', 'time_span': '30'}, 'hostids': ['11938', '12142', '11853']}
[2021-10-05 16:20:16,843] INFO - Corrected subject: Уведомление о плановых работах на сети АО «Авантел»
[2021-10-05 16:20:16,846] INFO - Message compiled: 
Уважаемый клиент АО «Авантел»!
<br>
<br>Информируем Вас, что <b>07.10.2021</b> г. в период с <b>08:45</b> до <b>09:30</b> (мск)
будут проведены работы на сети.
<br>
<br>Работы будут сопровождаться перерывом услуг связи продолжительностью до <b>30</b> минут в указанном интервале
предоставляемых по адресу: г. Санкт-Петербург, пер. 6-й Верхний, 12
<br>
<br>По всем возникающим вопросам Вы можете обратиться в круглосуточную службу технической поддержки компании АО «Авантел» по тел: 8 (812) 4016003  или написать письмо на адрес support@spb.avantel.ru
<br>
<br><font color="#757575">-- 
<br>С уважением,
<br>инженер технической поддержки
<br>___________________________________
<br>АО «АВАНТЕЛ»
<br>Санкт-Петербург, Белоостровская ул., 6
<br>тел.: +7 812 401-60-00
<br>www.avantel.ru</font>
[2021-10-05 16:20:16,931] INFO - email sent to it@pompa.ru
[2021-10-05 16:20:16,947] INFO - email sent to voronezv@gmail.com
[2021-10-05 16:20:16,965] INFO - email sent to cruiser@raffabric.ru
[2021-10-05 16:20:16,982] INFO - email sent to ya.starikov@gmail.com
[2021-10-05 16:20:17,000] INFO - email sent to sp@shveinic.ru
[2021-10-05 16:20:17,018] INFO - email sent to a.nikanorov@eurocolorit.ru
[2021-10-05 16:20:17,036] INFO - email sent to elena.lupacheva@wuerth.spb.ru
[2021-10-05 16:20:17,056] INFO - email sent to support@spb.avantel.ru
[2021-10-05 16:20:17,081] INFO - Message compiled: 
Уважаемый клиент АО «Авантел»!
<br>
<br>Информируем Вас, что <b>07.10.2021</b> г. в период с <b>08:45</b> до <b>09:30</b> (мск)
будут проведены работы на сети.
<br>
<br>Работы будут сопровождаться перерывом услуг связи продолжительностью до <b>30</b> минут в указанном интервале
предоставляемых по адресу: г. Санкт-Петербург, ул. Михаила Дудина, 17
<br>
<br>По всем возникающим вопросам Вы можете обратиться в круглосуточную службу технической поддержки компании АО «Авантел» по тел: 8 (812) 4016003  или написать письмо на адрес support@spb.avantel.ru
<br>
<br><font color="#757575">-- 
<br>С уважением,
<br>инженер технической поддержки
<br>___________________________________
<br>АО «АВАНТЕЛ»
<br>Санкт-Петербург, Белоостровская ул., 6
<br>тел.: +7 812 401-60-00
<br>www.avantel.ru</font>
[2021-10-05 16:20:17,098] INFO - email sent to a.kondratev@lonmadi.ru
[2021-10-05 16:20:17,116] INFO - email sent to support@spb.avantel.ru
