[2021-10-31 22:24:16,559] INFO - Data to work with: {'addr_d': {'г. Пушкин, ул. Малиновская, 11': {'id': '0', 'name': 'P.Malinovsk11-as1', 'all_emails': 'e.te@accapital.ru, elsunakaevat@accapital.ru, il.mansiz.14@gmail.com, i.mu@accapital.ru, star-oil@mail.ru, info@gkcapetown.ru, steklomoda@mail.ru, magistral0518@mail.ru, promupakspb@gmail.com, 9039329@mail.ru'}}, 'text_vars': {'subject': 'Уведомление о плановых работах на сети АО «Авантел»', 'time_date': '02.11.2021', 'time_start': '02:00', 'time_end': '07:00', 'time_span': '60'}, 'hostids': ['10624']}
[2021-10-31 22:24:16,561] INFO - Corrected subject: Уведомление о плановых работах на сети АО «Авантел»
[2021-10-31 22:24:16,567] INFO - Message compiled: 
Уважаемый клиент АО «Авантел»!
<br>
<br>Информируем Вас, что <b>02.11.2021</b> г. в период с <b>02:00</b> до <b>07:00</b> (мск)
будут проведены работы на сети.
<br>
<br>Работы будут сопровождаться перерывом услуг связи продолжительностью до <b>60</b> минут в указанном интервале
предоставляемых по адресу: г. Пушкин, ул. Малиновская, 11
<br>
<br>По всем возникающим вопросам Вы можете обратиться в круглосуточную службу технической поддержки компании АО «Авантел» по тел: 8 (812) 4016003  или написать письмо на адрес support@spb.avantel.ru
<br>
<br><font color="#757575">-- 
<br>С уважением,
<br>инженер технической поддержки
<br>___________________________________
<br>АО «АВАНТЕЛ»
<br>Санкт-Петербург, Белоостровская ул., 6
<br>тел.: +7 812 401-60-00
<br>www.avantel.ru</font>
[2021-10-31 22:24:16,663] INFO - email sent to e.te@accapital.ru
[2021-10-31 22:24:16,688] INFO - email sent to elsunakaevat@accapital.ru
[2021-10-31 22:24:16,711] INFO - email sent to il.mansiz.14@gmail.com
[2021-10-31 22:24:16,732] INFO - email sent to i.mu@accapital.ru
[2021-10-31 22:24:16,750] INFO - email sent to star-oil@mail.ru
[2021-10-31 22:24:16,768] INFO - email sent to info@gkcapetown.ru
[2021-10-31 22:24:16,785] INFO - email sent to steklomoda@mail.ru
[2021-10-31 22:24:16,802] INFO - email sent to magistral0518@mail.ru
[2021-10-31 22:24:16,823] INFO - email sent to promupakspb@gmail.com
[2021-10-31 22:24:16,840] INFO - email sent to 9039329@mail.ru
[2021-10-31 22:24:16,861] INFO - email sent to support@spb.avantel.ru
[2021-11-01 11:01:18,785] INFO - {'10.60.236.198': {'name': 'Zaozer14-as1', 'ip': '10.60.236.198', 'host_id': '10855', 'address': '', 'uplink': '', 'cont_num': 5, 'unrecognized': '', 'alive': 1, 'contracts': {'0115-19': 'buh@garant-logistika.ru, support@garant-logistika.ru, zakaz@garant-logistika.ru', '0274-19': 'buh@velv.ru, vvl@velv.ru, vevl@velv.ru, velv@velv.ru', '0092-20': 'vkolodiy@sferaservisa.ru, vdovladbegyan@sferaservisa.ru', '0112-20': 'diana.kropotina@yandex.ru', '0310-21': 'info@er.spb.ru'}}}
[2021-11-01 11:01:18,885] INFO - contract_dict: {'10.60.236.198': {'name': 'Zaozer14-as1', 'ip': '10.60.236.198', 'host_id': '10855', 'address': ' г. Санкт-Петербург, ул. Заозерная, 14', 'uplink': '', 'cont_num': 5, 'unrecognized': '', 'alive': 1, 'contracts': {'0115-19': 'buh@garant-logistika.ru, support@garant-logistika.ru, zakaz@garant-logistika.ru', '0274-19': 'buh@velv.ru, vvl@velv.ru, vevl@velv.ru, velv@velv.ru', '0092-20': 'vkolodiy@sferaservisa.ru, vdovladbegyan@sferaservisa.ru', '0112-20': 'diana.kropotina@yandex.ru', '0310-21': 'info@er.spb.ru'}, 'hostid': '10855', 'inventory': '1'}}
