[2021-10-27 10:56:03,558] INFO - Data to work with: {'addr_d': {'г. Санкт-Петербург, ул. Софийская, 125': {'id': '0', 'name': 'sofi125k4-ds1, Sofi125k4-as2, Sofi125k5-as1, Sofi125k4A-as2, Sofi125k4A-as1, Sofi125k4A-as3', 'all_emails': 'oleynik@zvet.ru, spb-instrument@mail.ru, admin@vkusvill.ru, midas@midas-spb.ru, sklad01.spb@vkusvill.ru, aerisspb@yandex.ru, arenda10@vkusvill.ru, mirkolbas@mail.ru, mmebeldom@gmail.com, buh01@midas-spb.ru, zero-nero@mail.ru, maksim1970@gmail.com, mor-snab@mail.ru, bau_trade1@mail.ru, zezegov@3rgroup.ru, web@a-ride.ru, it@mirkolbas-spb.ru, zarov2010@gmail.com, buh08@vkusvill.ru, info@a-ride.ru, buh@wafes.ru, kativogdaeva@mail.ru, admin@sojar.ru, buh128@vkusvill.ru, info@aeris.spb.ru, tsangulia@gmail.com, ev@w-f.su, info@plastic-master.ru, mesfm3@mail.ru'}, 'г. Санкт-Петербург, ул. Софийская, 129': {'id': '1', 'name': 'Sofi129-as1', 'all_emails': 'buh@a-petrov.ru, petrov.a@a-petrov.ru'}, 'г. Санкт-Петербург, ул. Софийская, 183': {'id': '1', 'name': 'Sofi183-as1', 'all_emails': 'ttk-spb@bk.ru'}, 'г. Санкт-Петербург, ул. Ленина, 5 к. 2': {'id': '1', 'name': 'Lenina5k2-as1', 'all_emails': 'info@a-ride.ru, web@a-ride.ru'}, 'п-к Шушары, ул. Ленина, 31': {'id': '1', 'name': 'Lenina31-as1', 'all_emails': 'spb@bumans.ru'}, 'г. Санкт-Петербург, ул. Софийская, 127': {'id': '1', 'name': 'Sofi127k12-as1', 'all_emails': 'bogatyrevdaniil1@gmail.com'}}, 'text_vars': {'subject': 'Уведомление о плановых работах на сети АО «Авантел»', 'time_date': '28.10.2021', 'time_start': '07:30', 'time_end': '08:00', 'time_span': '30'}, 'hostids': ['11762', '10793', '12199', '10795', '11622', '11493', '11492', '12184', '11907', '12029', '10794', '11494']}
[2021-10-27 10:56:03,560] INFO - Corrected subject: Уведомление о плановых работах на сети АО «Авантел»
[2021-10-27 10:56:03,564] INFO - Message compiled: 
Уважаемый клиент АО «Авантел»!
<br>
<br>Информируем Вас, что <b>28.10.2021</b> г. в период с <b>07:30</b> до <b>08:00</b> (мск)
будут проведены работы на сети.
<br>
<br>Работы будут сопровождаться перерывом услуг связи продолжительностью до <b>30</b> минут в указанном интервале
предоставляемых по адресу: г. Санкт-Петербург, ул. Софийская, 125
<br>
<br>По всем возникающим вопросам Вы можете обратиться в круглосуточную службу технической поддержки компании АО «Авантел» по тел: 8 (812) 4016003  или написать письмо на адрес support@spb.avantel.ru
<br>
<br><font color="#757575">-- 
<br>С уважением,
<br>инженер технической поддержки
<br>___________________________________
<br>АО «АВАНТЕЛ»
<br>Санкт-Петербург, Белоостровская ул., 6
<br>тел.: +7 812 401-60-00
<br>www.avantel.ru</font>
[2021-10-27 10:56:03,798] INFO - email sent to oleynik@zvet.ru
[2021-10-27 10:56:03,880] INFO - email sent to spb-instrument@mail.ru
[2021-10-27 10:56:03,911] INFO - email sent to admin@vkusvill.ru
[2021-10-27 10:56:03,934] INFO - email sent to midas@midas-spb.ru
[2021-10-27 10:56:03,961] INFO - email sent to sklad01.spb@vkusvill.ru
[2021-10-27 10:56:03,984] INFO - email sent to aerisspb@yandex.ru
[2021-10-27 10:56:04,007] INFO - email sent to arenda10@vkusvill.ru
[2021-10-27 10:56:04,096] INFO - email sent to mirkolbas@mail.ru
[2021-10-27 10:56:04,121] INFO - email sent to mmebeldom@gmail.com
[2021-10-27 10:56:04,140] INFO - email sent to buh01@midas-spb.ru
[2021-10-27 10:56:04,162] INFO - email sent to zero-nero@mail.ru
[2021-10-27 10:56:04,180] INFO - email sent to maksim1970@gmail.com
[2021-10-27 10:56:04,216] INFO - email sent to mor-snab@mail.ru
[2021-10-27 10:56:04,241] INFO - email sent to bau_trade1@mail.ru
[2021-10-27 10:56:04,267] INFO - email sent to zezegov@3rgroup.ru
[2021-10-27 10:56:04,299] INFO - email sent to web@a-ride.ru
[2021-10-27 10:56:04,332] INFO - email sent to it@mirkolbas-spb.ru
[2021-10-27 10:56:04,361] INFO - email sent to zarov2010@gmail.com
[2021-10-27 10:56:04,401] INFO - email sent to buh08@vkusvill.ru
[2021-10-27 10:56:04,442] INFO - email sent to info@a-ride.ru
[2021-10-27 10:56:04,506] INFO - email sent to buh@wafes.ru
[2021-10-27 10:56:04,545] INFO - email sent to kativogdaeva@mail.ru
[2021-10-27 10:56:04,575] INFO - email sent to admin@sojar.ru
[2021-10-27 10:56:04,600] INFO - email sent to buh128@vkusvill.ru
[2021-10-27 10:56:04,629] INFO - email sent to info@aeris.spb.ru
[2021-10-27 10:56:04,660] INFO - email sent to tsangulia@gmail.com
[2021-10-27 10:56:04,698] INFO - email sent to ev@w-f.su
[2021-10-27 10:56:04,724] INFO - email sent to info@plastic-master.ru
[2021-10-27 10:56:04,744] INFO - email sent to mesfm3@mail.ru
[2021-10-27 10:56:04,772] INFO - email sent to support@spb.avantel.ru
[2021-10-27 10:56:06,602] INFO - Message compiled: 
Уважаемый клиент АО «Авантел»!
<br>
<br>Информируем Вас, что <b>28.10.2021</b> г. в период с <b>07:30</b> до <b>08:00</b> (мск)
будут проведены работы на сети.
<br>
<br>Работы будут сопровождаться перерывом услуг связи продолжительностью до <b>30</b> минут в указанном интервале
предоставляемых по адресу: г. Санкт-Петербург, ул. Софийская, 129
<br>
<br>По всем возникающим вопросам Вы можете обратиться в круглосуточную службу технической поддержки компании АО «Авантел» по тел: 8 (812) 4016003  или написать письмо на адрес support@spb.avantel.ru
<br>
<br><font color="#757575">-- 
<br>С уважением,
<br>инженер технической поддержки
<br>___________________________________
<br>АО «АВАНТЕЛ»
<br>Санкт-Петербург, Белоостровская ул., 6
<br>тел.: +7 812 401-60-00
<br>www.avantel.ru</font>
[2021-10-27 10:56:07,070] INFO - email sent to buh@a-petrov.ru
[2021-10-27 10:56:07,120] INFO - email sent to petrov.a@a-petrov.ru
[2021-10-27 10:56:07,914] INFO - email sent to support@spb.avantel.ru
[2021-10-27 10:56:08,081] INFO - Message compiled: 
Уважаемый клиент АО «Авантел»!
<br>
<br>Информируем Вас, что <b>28.10.2021</b> г. в период с <b>07:30</b> до <b>08:00</b> (мск)
будут проведены работы на сети.
<br>
<br>Работы будут сопровождаться перерывом услуг связи продолжительностью до <b>30</b> минут в указанном интервале
предоставляемых по адресу: г. Санкт-Петербург, ул. Софийская, 183
<br>
<br>По всем возникающим вопросам Вы можете обратиться в круглосуточную службу технической поддержки компании АО «Авантел» по тел: 8 (812) 4016003  или написать письмо на адрес support@spb.avantel.ru
<br>
<br><font color="#757575">-- 
<br>С уважением,
<br>инженер технической поддержки
<br>___________________________________
<br>АО «АВАНТЕЛ»
<br>Санкт-Петербург, Белоостровская ул., 6
<br>тел.: +7 812 401-60-00
<br>www.avantel.ru</font>
[2021-10-27 10:56:08,137] INFO - email sent to ttk-spb@bk.ru
[2021-10-27 10:56:08,179] INFO - email sent to support@spb.avantel.ru
[2021-10-27 10:56:08,288] INFO - Message compiled: 
Уважаемый клиент АО «Авантел»!
<br>
<br>Информируем Вас, что <b>28.10.2021</b> г. в период с <b>07:30</b> до <b>08:00</b> (мск)
будут проведены работы на сети.
<br>
<br>Работы будут сопровождаться перерывом услуг связи продолжительностью до <b>30</b> минут в указанном интервале
предоставляемых по адресу: г. Санкт-Петербург, ул. Ленина, 5 к. 2
<br>
<br>По всем возникающим вопросам Вы можете обратиться в круглосуточную службу технической поддержки компании АО «Авантел» по тел: 8 (812) 4016003  или написать письмо на адрес support@spb.avantel.ru
<br>
<br><font color="#757575">-- 
<br>С уважением,
<br>инженер технической поддержки
<br>___________________________________
<br>АО «АВАНТЕЛ»
<br>Санкт-Петербург, Белоостровская ул., 6
<br>тел.: +7 812 401-60-00
<br>www.avantel.ru</font>
[2021-10-27 10:56:08,343] INFO - email sent to info@a-ride.ru
[2021-10-27 10:56:08,425] INFO - email sent to web@a-ride.ru
[2021-10-27 10:56:08,472] INFO - email sent to support@spb.avantel.ru
[2021-10-27 10:56:08,499] INFO - Message compiled: 
Уважаемый клиент АО «Авантел»!
<br>
<br>Информируем Вас, что <b>28.10.2021</b> г. в период с <b>07:30</b> до <b>08:00</b> (мск)
будут проведены работы на сети.
<br>
<br>Работы будут сопровождаться перерывом услуг связи продолжительностью до <b>30</b> минут в указанном интервале
предоставляемых по адресу: п-к Шушары, ул. Ленина, 31
<br>
<br>По всем возникающим вопросам Вы можете обратиться в круглосуточную службу технической поддержки компании АО «Авантел» по тел: 8 (812) 4016003  или написать письмо на адрес support@spb.avantel.ru
<br>
<br><font color="#757575">-- 
<br>С уважением,
<br>инженер технической поддержки
<br>___________________________________
<br>АО «АВАНТЕЛ»
<br>Санкт-Петербург, Белоостровская ул., 6
<br>тел.: +7 812 401-60-00
<br>www.avantel.ru</font>
[2021-10-27 10:56:08,559] INFO - email sent to spb@bumans.ru
[2021-10-27 10:56:08,616] INFO - email sent to support@spb.avantel.ru
[2021-10-27 10:56:08,671] INFO - Message compiled: 
Уважаемый клиент АО «Авантел»!
<br>
<br>Информируем Вас, что <b>28.10.2021</b> г. в период с <b>07:30</b> до <b>08:00</b> (мск)
будут проведены работы на сети.
<br>
<br>Работы будут сопровождаться перерывом услуг связи продолжительностью до <b>30</b> минут в указанном интервале
предоставляемых по адресу: г. Санкт-Петербург, ул. Софийская, 127
<br>
<br>По всем возникающим вопросам Вы можете обратиться в круглосуточную службу технической поддержки компании АО «Авантел» по тел: 8 (812) 4016003  или написать письмо на адрес support@spb.avantel.ru
<br>
<br><font color="#757575">-- 
<br>С уважением,
<br>инженер технической поддержки
<br>___________________________________
<br>АО «АВАНТЕЛ»
<br>Санкт-Петербург, Белоостровская ул., 6
<br>тел.: +7 812 401-60-00
<br>www.avantel.ru</font>
[2021-10-27 10:56:08,716] INFO - email sent to bogatyrevdaniil1@gmail.com
[2021-10-27 10:56:08,853] INFO - email sent to support@spb.avantel.ru
[2021-10-28 11:57:15,119] ERROR - Ошибка в функции maps_out <urlopen error [Errno -3] Temporary failure in name resolution>
[2021-10-28 11:57:51,636] ERROR - Ошибка в функции maps_out <urlopen error [Errno -3] Temporary failure in name resolution>
