[2021-10-26 15:08:54,729] INFO - Data to work with: {'addr_d': {'г. Санкт-Петербург, ул. Софийская, 79': {'id': '0', 'name': 'Sofi79-as1', 'all_emails': 'secretary@brandt.spb.ru, igor.muzikka@brandt.spb.ru, lubov.nabiullina@brandt.spb.ru'}, 'г. Санкт-Петербург, ул. Софийская, 72': {'id': '1', 'name': 'Sofi72-as1', 'all_emails': '222@santehstandart.com, 232@santehstandart.com, admin@santehstandart.com'}}, 'text_vars': {'subject': 'Уведомление о плановых работах на сети АО «Авантел»', 'time_date': '29.10.2021', 'time_start': '17:00', 'time_end': '17:30', 'time_span': '15'}, 'hostids': ['10797', '11785']}
[2021-10-26 15:08:54,730] INFO - Corrected subject: Уведомление о плановых работах на сети АО «Авантел»
[2021-10-26 15:08:54,733] INFO - Message compiled: 
Уважаемый клиент АО «Авантел»!
<br>
<br>Информируем Вас, что <b>29.10.2021</b> г. в период с <b>17:00</b> до <b>17:30</b> (мск)
будут проведены работы на сети.
<br>
<br>Работы будут сопровождаться перерывом услуг связи продолжительностью до <b>15</b> минут в указанном интервале
предоставляемых по адресу: г. Санкт-Петербург, ул. Софийская, 79
<br>
<br>По всем возникающим вопросам Вы можете обратиться в круглосуточную службу технической поддержки компании АО «Авантел» по тел: 8 (812) 4016003  или написать письмо на адрес support@spb.avantel.ru
<br>
<br><font color="#757575">-- 
<br>С уважением,
<br>инженер технической поддержки
<br>___________________________________
<br>АО «АВАНТЕЛ»
<br>Санкт-Петербург, Белоостровская ул., 6
<br>тел.: +7 812 401-60-00
<br>www.avantel.ru</font>
[2021-10-26 15:08:54,835] INFO - email sent to secretary@brandt.spb.ru
[2021-10-26 15:08:54,856] INFO - email sent to igor.muzikka@brandt.spb.ru
[2021-10-26 15:08:54,875] INFO - email sent to lubov.nabiullina@brandt.spb.ru
[2021-10-26 15:08:54,898] INFO - email sent to support@spb.avantel.ru
[2021-10-26 15:08:55,166] INFO - Message compiled: 
Уважаемый клиент АО «Авантел»!
<br>
<br>Информируем Вас, что <b>29.10.2021</b> г. в период с <b>17:00</b> до <b>17:30</b> (мск)
будут проведены работы на сети.
<br>
<br>Работы будут сопровождаться перерывом услуг связи продолжительностью до <b>15</b> минут в указанном интервале
предоставляемых по адресу: г. Санкт-Петербург, ул. Софийская, 72
<br>
<br>По всем возникающим вопросам Вы можете обратиться в круглосуточную службу технической поддержки компании АО «Авантел» по тел: 8 (812) 4016003  или написать письмо на адрес support@spb.avantel.ru
<br>
<br><font color="#757575">-- 
<br>С уважением,
<br>инженер технической поддержки
<br>___________________________________
<br>АО «АВАНТЕЛ»
<br>Санкт-Петербург, Белоостровская ул., 6
<br>тел.: +7 812 401-60-00
<br>www.avantel.ru</font>
[2021-10-26 15:08:55,186] INFO - email sent to 222@santehstandart.com
[2021-10-26 15:08:55,204] INFO - email sent to 232@santehstandart.com
[2021-10-26 15:08:55,223] INFO - email sent to admin@santehstandart.com
[2021-10-26 15:08:55,246] INFO - email sent to support@spb.avantel.ru
