[2021-11-02 17:15:32,735] INFO - Data to work with: {'addr_d': {'г. Санкт-Петербург, ул. Профессора Попова, 23': {'id': '0', 'name': 'popova23-as1', 'all_emails': '1@s6p.ru, evstigneeva@ms-proekt.ru, max@ms-proekt.ru, modul2002@mail.ru, kozlova_s@ms-proekt.ru'}}, 'text_vars': {'subject': 'Уведомление о плановых работах на сети АО «Авантел»', 'time_date': '08.11.2021', 'time_start': '18:00', 'time_end': '19:00', 'time_span': '30'}, 'hostids': ['10747']}
[2021-11-02 17:15:32,736] INFO - Corrected subject: Уведомление о плановых работах на сети АО «Авантел»
[2021-11-02 17:15:32,741] INFO - Message compiled: 
Уважаемый клиент АО «Авантел»!
<br>
<br>Информируем Вас, что <b>08.11.2021</b> г. в период с <b>18:00</b> до <b>19:00</b> (мск)
будут проведены работы на сети.
<br>
<br>Работы будут сопровождаться перерывом услуг связи продолжительностью до <b>30</b> минут в указанном интервале
предоставляемых по адресу: г. Санкт-Петербург, ул. Профессора Попова, 23
<br>
<br>По всем возникающим вопросам Вы можете обратиться в круглосуточную службу технической поддержки компании АО «Авантел» по тел: 8 (812) 4016003  или написать письмо на адрес support@spb.avantel.ru
<br>
<br><font color="#757575">-- 
<br>С уважением,
<br>инженер технической поддержки
<br>___________________________________
<br>АО «АВАНТЕЛ»
<br>Санкт-Петербург, Белоостровская ул., 6
<br>тел.: +7 812 401-60-00
<br>www.avantel.ru</font>
[2021-11-02 17:15:32,823] INFO - email sent to 1@s6p.ru
[2021-11-02 17:15:32,851] INFO - email sent to evstigneeva@ms-proekt.ru
[2021-11-02 17:15:32,875] INFO - email sent to max@ms-proekt.ru
[2021-11-02 17:15:32,930] INFO - email sent to modul2002@mail.ru
[2021-11-02 17:15:32,952] INFO - email sent to kozlova_s@ms-proekt.ru
[2021-11-02 17:15:32,993] INFO - email sent to support@spb.avantel.ru
