[2021-11-11 18:10:44,934] INFO - Data to work with: {'addr_d': {'г. Санкт-Петербург, ул. Седова, 11': {'id': '0', 'name': 'Sedova11-as1', 'all_emails': 'glovackii@sevensuns.ru, walkar@mail.ru'}}, 'text_vars': {'subject': 'Уведомление о плановых работах на сети АО «Авантел»', 'time_date': '11.11.2021', 'time_start': '22:00', 'time_end': '23:00', 'time_span': '30'}, 'hostids': ['10781']}
[2021-11-11 18:10:44,936] INFO - Corrected subject: Уведомление о плановых работах на сети АО «Авантел»
[2021-11-11 18:10:44,938] INFO - Message compiled: 
Уважаемый клиент АО «Авантел»!
<br>
<br>Информируем Вас, что <b>11.11.2021</b> г. в период с <b>22:00</b> до <b>23:00</b> (мск)
будут проведены работы на сети.
<br>
<br>Работы будут сопровождаться перерывом услуг связи продолжительностью до <b>30</b> минут в указанном интервале
предоставляемых по адресу: г. Санкт-Петербург, ул. Седова, 11
<br>
<br>По всем возникающим вопросам Вы можете обратиться в круглосуточную службу технической поддержки компании АО «Авантел» по тел: 8 (812) 4016003  или написать письмо на адрес support@spb.avantel.ru
<br>
<br><font color="#757575">-- 
<br>С уважением,
<br>инженер технической поддержки
<br>___________________________________
<br>АО «АВАНТЕЛ»
<br>Санкт-Петербург, Белоостровская ул., 6
<br>тел.: +7 812 401-60-00
<br>www.avantel.ru</font>
[2021-11-11 18:10:44,994] INFO - email sent to glovackii@sevensuns.ru
[2021-11-11 18:10:45,019] INFO - email sent to walkar@mail.ru
[2021-11-11 18:10:45,046] INFO - email sent to support@spb.avantel.ru
