[2021-11-12 14:59:41,880] INFO - Data to work with: {'addr_d': {'г. Кировск, ул. Набережная, 1/27': {'id': '0', 'name': 'K.Naberezh1-as1', 'all_emails': 'staroverova@remos.ru, office@remos.ru'}}, 'text_vars': {'subject': 'Уведомление о плановых работах на сети АО «Авантел»', 'time_date': '17.11.2021', 'time_start': '01:00', 'time_end': '06:00', 'time_span': '10'}, 'hostids': ['10691']}
[2021-11-12 14:59:41,881] INFO - Corrected subject: Уведомление о плановых работах на сети АО «Авантел»
[2021-11-12 14:59:41,884] INFO - Message compiled: 
Уважаемый клиент АО «Авантел»!
<br>
<br>Информируем Вас, что <b>17.11.2021</b> г. в период с <b>01:00</b> до <b>06:00</b> (мск)
будут проведены работы на сети.
<br>
<br>Работы будут сопровождаться перерывом услуг связи продолжительностью до <b>10</b> минут в указанном интервале
предоставляемых по адресу: г. Кировск, ул. Набережная, 1/27
<br>
<br>По всем возникающим вопросам Вы можете обратиться в круглосуточную службу технической поддержки компании АО «Авантел» по тел: 8 (812) 4016003  или написать письмо на адрес support@spb.avantel.ru
<br>
<br><font color="#757575">-- 
<br>С уважением,
<br>инженер технической поддержки
<br>___________________________________
<br>АО «АВАНТЕЛ»
<br>Санкт-Петербург, Белоостровская ул., 6
<br>тел.: +7 812 401-60-00
<br>www.avantel.ru</font>
[2021-11-12 14:59:41,946] INFO - email sent to staroverova@remos.ru
[2021-11-12 14:59:41,969] INFO - email sent to office@remos.ru
[2021-11-12 14:59:41,997] INFO - email sent to support@spb.avantel.ru
