[2021-11-04 13:04:08,820] INFO - Data to work with: {'addr_d': {'г. Пушкин, ул. Саперная, 79': {'id': '0', 'name': 'P.Saper79-as1', 'all_emails': 'vshupta@rpkfoods.ru, npestrezova@rpkfoods.ru'}}, 'text_vars': {'subject': 'Уведомление о плановых работах на сети АО «Авантел»', 'time_date': '09.11.2021', 'time_start': '01:00', 'time_end': '07:00', 'time_span': '120'}, 'hostids': ['10778']}
[2021-11-04 13:04:08,822] INFO - Corrected subject: Уведомление о плановых работах на сети АО «Авантел»
[2021-11-04 13:04:08,840] INFO - Message compiled: 
Уважаемый клиент АО «Авантел»!
<br>
<br>Информируем Вас, что <b>09.11.2021</b> г. в период с <b>01:00</b> до <b>07:00</b> (мск)
будут проведены работы на сети.
<br>
<br>Работы будут сопровождаться перерывом услуг связи продолжительностью до <b>120</b> минут в указанном интервале
предоставляемых по адресу: г. Пушкин, ул. Саперная, 79
<br>
<br>По всем возникающим вопросам Вы можете обратиться в круглосуточную службу технической поддержки компании АО «Авантел» по тел: 8 (812) 4016003  или написать письмо на адрес support@spb.avantel.ru
<br>
<br><font color="#757575">-- 
<br>С уважением,
<br>инженер технической поддержки
<br>___________________________________
<br>АО «АВАНТЕЛ»
<br>Санкт-Петербург, Белоостровская ул., 6
<br>тел.: +7 812 401-60-00
<br>www.avantel.ru</font>
[2021-11-04 13:04:08,935] INFO - email sent to vshupta@rpkfoods.ru
[2021-11-04 13:04:08,975] INFO - email sent to npestrezova@rpkfoods.ru
[2021-11-04 13:04:09,005] INFO - email sent to support@spb.avantel.ru
